2022-04-24 14:21:23.219 [INFO ] cn.ustc.BlogApplication - Starting BlogApplication using Java 1.8.0_282 on Glor.local with PID 28950 (/Users/leixue/Documents/CODE/blog/blog-web/target/classes started by leixue in /Users/leixue/Documents/CODE/blog)
2022-04-24 14:21:23.221 [INFO ] cn.ustc.BlogApplication - No active profile set, falling back to 1 default profile: "default"
2022-04-24 14:21:23.660 [INFO ] org.springframework.data.repository.config.RepositoryConfigurationDelegate - Multiple Spring Data modules found, entering strict repository configuration mode!
2022-04-24 14:21:23.661 [INFO ] org.springframework.data.repository.config.RepositoryConfigurationDelegate - Bootstrapping Spring Data Redis repositories in DEFAULT mode.
2022-04-24 14:21:23.676 [INFO ] org.springframework.data.repository.config.RepositoryConfigurationDelegate - Finished Spring Data repository scanning in 6 ms. Found 0 Redis repository interfaces.
2022-04-24 14:21:23.977 [INFO ] org.springframework.boot.web.embedded.tomcat.TomcatWebServer - Tomcat initialized with port(s): 8081 (http)
2022-04-24 14:21:23.982 [INFO ] org.apache.coyote.http11.Http11NioProtocol - Initializing ProtocolHandler ["http-nio-8081"]
2022-04-24 14:21:23.982 [INFO ] org.apache.catalina.core.StandardService - Starting service [Tomcat]
2022-04-24 14:21:23.982 [INFO ] org.apache.catalina.core.StandardEngine - Starting Servlet engine: [Apache Tomcat/9.0.58]
2022-04-24 14:21:24.015 [INFO ] org.apache.catalina.core.ContainerBase.[Tomcat].[localhost].[/] - Initializing Spring embedded WebApplicationContext
2022-04-24 14:21:24.016 [INFO ] org.springframework.boot.web.servlet.context.ServletWebServerApplicationContext - Root WebApplicationContext: initialization completed in 772 ms
2022-04-24 14:21:24.805 [INFO ] org.springframework.security.web.DefaultSecurityFilterChain - Will not secure any request
2022-04-24 14:21:25.035 [INFO ] org.apache.coyote.http11.Http11NioProtocol - Starting ProtocolHandler ["http-nio-8081"]
2022-04-24 14:21:25.044 [INFO ] org.springframework.boot.web.embedded.tomcat.TomcatWebServer - Tomcat started on port(s): 8081 (http) with context path ''
2022-04-24 14:21:25.145 [INFO ] cn.ustc.BlogApplication - Started BlogApplication in 2.162 seconds (JVM running for 2.417)
2022-04-24 14:21:46.660 [INFO ] org.apache.catalina.core.ContainerBase.[Tomcat].[localhost].[/] - Initializing Spring DispatcherServlet 'dispatcherServlet'
2022-04-24 14:21:53.906 [INFO ] com.zaxxer.hikari.HikariDataSource - HikariPool-1 - Starting...
2022-04-24 14:21:54.099 [INFO ] com.zaxxer.hikari.HikariDataSource - HikariPool-1 - Start completed.
2022-04-24 23:45:31.778 [INFO ] io.lettuce.core.protocol.ConnectionWatchdog - Reconnecting, last destination was /127.0.0.1:6379
2022-04-24 23:45:40.868 [INFO ] io.lettuce.core.protocol.ConnectionWatchdog - Reconnecting, last destination was 127.0.0.1:6379
2022-04-24 23:45:49.170 [INFO ] io.lettuce.core.protocol.ConnectionWatchdog - Reconnecting, last destination was 127.0.0.1:6379
2022-04-24 23:46:05.567 [INFO ] io.lettuce.core.protocol.ConnectionWatchdog - Reconnecting, last destination was 127.0.0.1:6379
