2022-04-26 15:03:55.848 [main] WARN  org.mybatis.spring.mapper.ClassPathMapperScanner - Skipping MapperFactoryBean with name 'MBlogMapper' and 'cn.ustc.blog.mapper.MBlogMapper' mapperInterface. Bean already defined with the same name!
2022-04-26 15:03:55.848 [main] WARN  org.mybatis.spring.mapper.ClassPathMapperScanner - Skipping MapperFactoryBean with name 'sysMenuMapper' and 'cn.ustc.blog.mapper.SysMenuMapper' mapperInterface. Bean already defined with the same name!
2022-04-26 15:03:55.848 [main] WARN  org.mybatis.spring.mapper.ClassPathMapperScanner - Skipping MapperFactoryBean with name 'sysRoleMapper' and 'cn.ustc.blog.mapper.SysRoleMapper' mapperInterface. Bean already defined with the same name!
2022-04-26 15:03:55.848 [main] WARN  org.mybatis.spring.mapper.ClassPathMapperScanner - Skipping MapperFactoryBean with name 'sysRoleMenuMapper' and 'cn.ustc.blog.mapper.SysRoleMenuMapper' mapperInterface. Bean already defined with the same name!
2022-04-26 15:03:55.848 [main] WARN  org.mybatis.spring.mapper.ClassPathMapperScanner - Skipping MapperFactoryBean with name 'sysUserMapper' and 'cn.ustc.blog.mapper.SysUserMapper' mapperInterface. Bean already defined with the same name!
2022-04-26 15:03:55.848 [main] WARN  org.mybatis.spring.mapper.ClassPathMapperScanner - Skipping MapperFactoryBean with name 'sysUserRoleMapper' and 'cn.ustc.blog.mapper.SysUserRoleMapper' mapperInterface. Bean already defined with the same name!
2022-04-26 15:03:55.848 [main] WARN  org.mybatis.spring.mapper.ClassPathMapperScanner - Skipping MapperFactoryBean with name 'userMapper' and 'cn.ustc.blog.mapper.UserMapper' mapperInterface. Bean already defined with the same name!
2022-04-26 15:03:55.848 [main] WARN  org.mybatis.spring.mapper.ClassPathMapperScanner - No MyBatis mapper was found in '[cn.ustc.blog.mapper]' package. Please check your configuration.
2022-04-26 15:40:47.109 [main] WARN  org.mybatis.spring.mapper.ClassPathMapperScanner - Skipping MapperFactoryBean with name 'MBlogMapper' and 'cn.ustc.blog.mapper.MBlogMapper' mapperInterface. Bean already defined with the same name!
2022-04-26 15:40:47.109 [main] WARN  org.mybatis.spring.mapper.ClassPathMapperScanner - Skipping MapperFactoryBean with name 'sysMenuMapper' and 'cn.ustc.blog.mapper.SysMenuMapper' mapperInterface. Bean already defined with the same name!
2022-04-26 15:40:47.109 [main] WARN  org.mybatis.spring.mapper.ClassPathMapperScanner - Skipping MapperFactoryBean with name 'sysRoleMapper' and 'cn.ustc.blog.mapper.SysRoleMapper' mapperInterface. Bean already defined with the same name!
2022-04-26 15:40:47.110 [main] WARN  org.mybatis.spring.mapper.ClassPathMapperScanner - Skipping MapperFactoryBean with name 'sysRoleMenuMapper' and 'cn.ustc.blog.mapper.SysRoleMenuMapper' mapperInterface. Bean already defined with the same name!
2022-04-26 15:40:47.110 [main] WARN  org.mybatis.spring.mapper.ClassPathMapperScanner - Skipping MapperFactoryBean with name 'sysUserMapper' and 'cn.ustc.blog.mapper.SysUserMapper' mapperInterface. Bean already defined with the same name!
2022-04-26 15:40:47.110 [main] WARN  org.mybatis.spring.mapper.ClassPathMapperScanner - Skipping MapperFactoryBean with name 'sysUserRoleMapper' and 'cn.ustc.blog.mapper.SysUserRoleMapper' mapperInterface. Bean already defined with the same name!
2022-04-26 15:40:47.110 [main] WARN  org.mybatis.spring.mapper.ClassPathMapperScanner - Skipping MapperFactoryBean with name 'userMapper' and 'cn.ustc.blog.mapper.UserMapper' mapperInterface. Bean already defined with the same name!
2022-04-26 15:40:47.110 [main] WARN  org.mybatis.spring.mapper.ClassPathMapperScanner - No MyBatis mapper was found in '[cn.ustc.blog.mapper]' package. Please check your configuration.
2022-04-26 15:42:57.252 [main] WARN  org.mybatis.spring.mapper.ClassPathMapperScanner - Skipping MapperFactoryBean with name 'MBlogMapper' and 'cn.ustc.blog.mapper.MBlogMapper' mapperInterface. Bean already defined with the same name!
2022-04-26 15:42:57.252 [main] WARN  org.mybatis.spring.mapper.ClassPathMapperScanner - Skipping MapperFactoryBean with name 'sysMenuMapper' and 'cn.ustc.blog.mapper.SysMenuMapper' mapperInterface. Bean already defined with the same name!
2022-04-26 15:42:57.253 [main] WARN  org.mybatis.spring.mapper.ClassPathMapperScanner - Skipping MapperFactoryBean with name 'sysRoleMapper' and 'cn.ustc.blog.mapper.SysRoleMapper' mapperInterface. Bean already defined with the same name!
2022-04-26 15:42:57.253 [main] WARN  org.mybatis.spring.mapper.ClassPathMapperScanner - Skipping MapperFactoryBean with name 'sysRoleMenuMapper' and 'cn.ustc.blog.mapper.SysRoleMenuMapper' mapperInterface. Bean already defined with the same name!
2022-04-26 15:42:57.253 [main] WARN  org.mybatis.spring.mapper.ClassPathMapperScanner - Skipping MapperFactoryBean with name 'sysUserMapper' and 'cn.ustc.blog.mapper.SysUserMapper' mapperInterface. Bean already defined with the same name!
2022-04-26 15:42:57.253 [main] WARN  org.mybatis.spring.mapper.ClassPathMapperScanner - Skipping MapperFactoryBean with name 'sysUserRoleMapper' and 'cn.ustc.blog.mapper.SysUserRoleMapper' mapperInterface. Bean already defined with the same name!
2022-04-26 15:42:57.253 [main] WARN  org.mybatis.spring.mapper.ClassPathMapperScanner - Skipping MapperFactoryBean with name 'userMapper' and 'cn.ustc.blog.mapper.UserMapper' mapperInterface. Bean already defined with the same name!
2022-04-26 15:42:57.253 [main] WARN  org.mybatis.spring.mapper.ClassPathMapperScanner - No MyBatis mapper was found in '[cn.ustc.blog.mapper]' package. Please check your configuration.
2022-04-26 15:44:10.051 [main] WARN  org.mybatis.spring.mapper.ClassPathMapperScanner - Skipping MapperFactoryBean with name 'MBlogMapper' and 'cn.ustc.blog.mapper.MBlogMapper' mapperInterface. Bean already defined with the same name!
2022-04-26 15:44:10.051 [main] WARN  org.mybatis.spring.mapper.ClassPathMapperScanner - Skipping MapperFactoryBean with name 'sysMenuMapper' and 'cn.ustc.blog.mapper.SysMenuMapper' mapperInterface. Bean already defined with the same name!
2022-04-26 15:44:10.051 [main] WARN  org.mybatis.spring.mapper.ClassPathMapperScanner - Skipping MapperFactoryBean with name 'sysRoleMapper' and 'cn.ustc.blog.mapper.SysRoleMapper' mapperInterface. Bean already defined with the same name!
2022-04-26 15:44:10.051 [main] WARN  org.mybatis.spring.mapper.ClassPathMapperScanner - Skipping MapperFactoryBean with name 'sysRoleMenuMapper' and 'cn.ustc.blog.mapper.SysRoleMenuMapper' mapperInterface. Bean already defined with the same name!
2022-04-26 15:44:10.051 [main] WARN  org.mybatis.spring.mapper.ClassPathMapperScanner - Skipping MapperFactoryBean with name 'sysUserMapper' and 'cn.ustc.blog.mapper.SysUserMapper' mapperInterface. Bean already defined with the same name!
2022-04-26 15:44:10.051 [main] WARN  org.mybatis.spring.mapper.ClassPathMapperScanner - Skipping MapperFactoryBean with name 'sysUserRoleMapper' and 'cn.ustc.blog.mapper.SysUserRoleMapper' mapperInterface. Bean already defined with the same name!
2022-04-26 15:44:10.051 [main] WARN  org.mybatis.spring.mapper.ClassPathMapperScanner - Skipping MapperFactoryBean with name 'userMapper' and 'cn.ustc.blog.mapper.UserMapper' mapperInterface. Bean already defined with the same name!
2022-04-26 15:44:10.051 [main] WARN  org.mybatis.spring.mapper.ClassPathMapperScanner - No MyBatis mapper was found in '[cn.ustc.blog.mapper]' package. Please check your configuration.
