2022-04-13 15:35:53.372 [INFO ] com.zaxxer.hikari.HikariDataSource - HikariPool-1 - Shutdown initiated...
2022-04-13 15:35:53.386 [INFO ] com.zaxxer.hikari.HikariDataSource - HikariPool-1 - Shutdown completed.
2022-04-13 15:35:58.799 [INFO ] cn.ustc.BlogApplication - Starting BlogApplication using Java 1.8.0_282 on Glor.local with PID 54998 (/Users/leixue/Documents/CODE/blog/blog-web/target/classes started by leixue in /Users/leixue/Documents/CODE/blog)
2022-04-13 15:35:58.801 [INFO ] cn.ustc.BlogApplication - No active profile set, falling back to 1 default profile: "default"
2022-04-13 15:35:59.221 [INFO ] org.springframework.data.repository.config.RepositoryConfigurationDelegate - Multiple Spring Data modules found, entering strict repository configuration mode!
2022-04-13 15:35:59.222 [INFO ] org.springframework.data.repository.config.RepositoryConfigurationDelegate - Bootstrapping Spring Data Redis repositories in DEFAULT mode.
2022-04-13 15:35:59.236 [INFO ] org.springframework.data.repository.config.RepositoryConfigurationDelegate - Finished Spring Data repository scanning in 6 ms. Found 0 Redis repository interfaces.
2022-04-13 15:35:59.525 [INFO ] org.springframework.boot.web.embedded.tomcat.TomcatWebServer - Tomcat initialized with port(s): 8081 (http)
2022-04-13 15:35:59.529 [INFO ] org.apache.coyote.http11.Http11NioProtocol - Initializing ProtocolHandler ["http-nio-8081"]
2022-04-13 15:35:59.530 [INFO ] org.apache.catalina.core.StandardService - Starting service [Tomcat]
2022-04-13 15:35:59.530 [INFO ] org.apache.catalina.core.StandardEngine - Starting Servlet engine: [Apache Tomcat/9.0.58]
2022-04-13 15:35:59.565 [INFO ] org.apache.catalina.core.ContainerBase.[Tomcat].[localhost].[/] - Initializing Spring embedded WebApplicationContext
2022-04-13 15:35:59.565 [INFO ] org.springframework.boot.web.servlet.context.ServletWebServerApplicationContext - Root WebApplicationContext: initialization completed in 741 ms
2022-04-13 15:36:00.248 [INFO ] org.springframework.security.web.DefaultSecurityFilterChain - Will not secure any request
2022-04-13 15:36:00.457 [INFO ] org.apache.coyote.http11.Http11NioProtocol - Starting ProtocolHandler ["http-nio-8081"]
2022-04-13 15:36:00.465 [INFO ] org.springframework.boot.web.embedded.tomcat.TomcatWebServer - Tomcat started on port(s): 8081 (http) with context path ''
2022-04-13 15:36:00.563 [INFO ] cn.ustc.BlogApplication - Started BlogApplication in 1.966 seconds (JVM running for 2.381)
2022-04-13 15:36:43.735 [INFO ] org.apache.catalina.core.ContainerBase.[Tomcat].[localhost].[/] - Initializing Spring DispatcherServlet 'dispatcherServlet'
2022-04-13 15:56:44.202 [INFO ] com.zaxxer.hikari.HikariDataSource - HikariPool-1 - Starting...
2022-04-13 15:56:44.415 [INFO ] com.zaxxer.hikari.HikariDataSource - HikariPool-1 - Start completed.
2022-04-13 16:01:13.742 [INFO ] com.zaxxer.hikari.HikariDataSource - HikariPool-1 - Shutdown initiated...
2022-04-13 16:01:13.747 [INFO ] com.zaxxer.hikari.HikariDataSource - HikariPool-1 - Shutdown completed.
2022-04-13 16:01:19.030 [INFO ] cn.ustc.BlogApplication - Starting BlogApplication using Java 1.8.0_282 on Glor.local with PID 65971 (/Users/leixue/Documents/CODE/blog/blog-web/target/classes started by leixue in /Users/leixue/Documents/CODE/blog)
2022-04-13 16:01:19.032 [INFO ] cn.ustc.BlogApplication - No active profile set, falling back to 1 default profile: "default"
2022-04-13 16:01:19.401 [INFO ] org.springframework.data.repository.config.RepositoryConfigurationDelegate - Multiple Spring Data modules found, entering strict repository configuration mode!
2022-04-13 16:01:19.402 [INFO ] org.springframework.data.repository.config.RepositoryConfigurationDelegate - Bootstrapping Spring Data Redis repositories in DEFAULT mode.
2022-04-13 16:01:19.414 [INFO ] org.springframework.data.repository.config.RepositoryConfigurationDelegate - Finished Spring Data repository scanning in 5 ms. Found 0 Redis repository interfaces.
2022-04-13 16:01:19.655 [INFO ] org.springframework.boot.web.embedded.tomcat.TomcatWebServer - Tomcat initialized with port(s): 8081 (http)
2022-04-13 16:01:19.658 [INFO ] org.apache.coyote.http11.Http11NioProtocol - Initializing ProtocolHandler ["http-nio-8081"]
2022-04-13 16:01:19.659 [INFO ] org.apache.catalina.core.StandardService - Starting service [Tomcat]
2022-04-13 16:01:19.659 [INFO ] org.apache.catalina.core.StandardEngine - Starting Servlet engine: [Apache Tomcat/9.0.58]
2022-04-13 16:01:19.693 [INFO ] org.apache.catalina.core.ContainerBase.[Tomcat].[localhost].[/] - Initializing Spring embedded WebApplicationContext
2022-04-13 16:01:19.693 [INFO ] org.springframework.boot.web.servlet.context.ServletWebServerApplicationContext - Root WebApplicationContext: initialization completed in 643 ms
2022-04-13 16:01:20.349 [INFO ] org.springframework.security.web.DefaultSecurityFilterChain - Will not secure any request
2022-04-13 16:01:20.544 [INFO ] org.apache.coyote.http11.Http11NioProtocol - Starting ProtocolHandler ["http-nio-8081"]
2022-04-13 16:01:20.553 [INFO ] org.springframework.boot.web.embedded.tomcat.TomcatWebServer - Tomcat started on port(s): 8081 (http) with context path ''
2022-04-13 16:01:20.640 [INFO ] cn.ustc.BlogApplication - Started BlogApplication in 1.789 seconds (JVM running for 2.139)
2022-04-13 16:01:23.759 [INFO ] org.apache.catalina.core.ContainerBase.[Tomcat].[localhost].[/] - Initializing Spring DispatcherServlet 'dispatcherServlet'
2022-04-13 16:01:23.841 [INFO ] com.zaxxer.hikari.HikariDataSource - HikariPool-1 - Starting...
2022-04-13 16:01:24.049 [INFO ] com.zaxxer.hikari.HikariDataSource - HikariPool-1 - Start completed.
2022-04-13 16:04:23.465 [INFO ] com.zaxxer.hikari.HikariDataSource - HikariPool-1 - Shutdown initiated...
2022-04-13 16:04:23.470 [INFO ] com.zaxxer.hikari.HikariDataSource - HikariPool-1 - Shutdown completed.
2022-04-13 16:04:28.643 [INFO ] cn.ustc.BlogApplication - Starting BlogApplication using Java 1.8.0_282 on Glor.local with PID 67313 (/Users/leixue/Documents/CODE/blog/blog-web/target/classes started by leixue in /Users/leixue/Documents/CODE/blog)
2022-04-13 16:04:28.645 [INFO ] cn.ustc.BlogApplication - No active profile set, falling back to 1 default profile: "default"
2022-04-13 16:04:29.056 [INFO ] org.springframework.data.repository.config.RepositoryConfigurationDelegate - Multiple Spring Data modules found, entering strict repository configuration mode!
2022-04-13 16:04:29.057 [INFO ] org.springframework.data.repository.config.RepositoryConfigurationDelegate - Bootstrapping Spring Data Redis repositories in DEFAULT mode.
2022-04-13 16:04:29.069 [INFO ] org.springframework.data.repository.config.RepositoryConfigurationDelegate - Finished Spring Data repository scanning in 5 ms. Found 0 Redis repository interfaces.
2022-04-13 16:04:29.300 [INFO ] org.springframework.boot.web.embedded.tomcat.TomcatWebServer - Tomcat initialized with port(s): 8081 (http)
2022-04-13 16:04:29.304 [INFO ] org.apache.coyote.http11.Http11NioProtocol - Initializing ProtocolHandler ["http-nio-8081"]
2022-04-13 16:04:29.305 [INFO ] org.apache.catalina.core.StandardService - Starting service [Tomcat]
2022-04-13 16:04:29.305 [INFO ] org.apache.catalina.core.StandardEngine - Starting Servlet engine: [Apache Tomcat/9.0.58]
2022-04-13 16:04:29.331 [INFO ] org.apache.catalina.core.ContainerBase.[Tomcat].[localhost].[/] - Initializing Spring embedded WebApplicationContext
2022-04-13 16:04:29.331 [INFO ] org.springframework.boot.web.servlet.context.ServletWebServerApplicationContext - Root WebApplicationContext: initialization completed in 662 ms
2022-04-13 16:04:29.967 [INFO ] org.springframework.security.web.DefaultSecurityFilterChain - Will not secure any request
2022-04-13 16:04:30.168 [INFO ] org.apache.coyote.http11.Http11NioProtocol - Starting ProtocolHandler ["http-nio-8081"]
2022-04-13 16:04:30.177 [INFO ] org.springframework.boot.web.embedded.tomcat.TomcatWebServer - Tomcat started on port(s): 8081 (http) with context path ''
2022-04-13 16:04:30.265 [INFO ] cn.ustc.BlogApplication - Started BlogApplication in 1.819 seconds (JVM running for 2.028)
2022-04-13 16:04:35.396 [INFO ] org.apache.catalina.core.ContainerBase.[Tomcat].[localhost].[/] - Initializing Spring DispatcherServlet 'dispatcherServlet'
2022-04-13 16:04:42.689 [INFO ] com.zaxxer.hikari.HikariDataSource - HikariPool-1 - Starting...
2022-04-13 16:04:42.847 [INFO ] com.zaxxer.hikari.HikariDataSource - HikariPool-1 - Start completed.
2022-04-13 16:07:35.078 [INFO ] com.zaxxer.hikari.HikariDataSource - HikariPool-1 - Shutdown initiated...
2022-04-13 16:07:35.084 [INFO ] com.zaxxer.hikari.HikariDataSource - HikariPool-1 - Shutdown completed.
2022-04-13 16:07:40.413 [INFO ] cn.ustc.BlogApplication - Starting BlogApplication using Java 1.8.0_282 on Glor.local with PID 68645 (/Users/leixue/Documents/CODE/blog/blog-web/target/classes started by leixue in /Users/leixue/Documents/CODE/blog)
2022-04-13 16:07:40.414 [INFO ] cn.ustc.BlogApplication - No active profile set, falling back to 1 default profile: "default"
2022-04-13 16:07:40.787 [INFO ] org.springframework.data.repository.config.RepositoryConfigurationDelegate - Multiple Spring Data modules found, entering strict repository configuration mode!
2022-04-13 16:07:40.788 [INFO ] org.springframework.data.repository.config.RepositoryConfigurationDelegate - Bootstrapping Spring Data Redis repositories in DEFAULT mode.
2022-04-13 16:07:40.802 [INFO ] org.springframework.data.repository.config.RepositoryConfigurationDelegate - Finished Spring Data repository scanning in 6 ms. Found 0 Redis repository interfaces.
2022-04-13 16:07:41.066 [INFO ] org.springframework.boot.web.embedded.tomcat.TomcatWebServer - Tomcat initialized with port(s): 8081 (http)
2022-04-13 16:07:41.071 [INFO ] org.apache.coyote.http11.Http11NioProtocol - Initializing ProtocolHandler ["http-nio-8081"]
2022-04-13 16:07:41.071 [INFO ] org.apache.catalina.core.StandardService - Starting service [Tomcat]
2022-04-13 16:07:41.071 [INFO ] org.apache.catalina.core.StandardEngine - Starting Servlet engine: [Apache Tomcat/9.0.58]
2022-04-13 16:07:41.109 [INFO ] org.apache.catalina.core.ContainerBase.[Tomcat].[localhost].[/] - Initializing Spring embedded WebApplicationContext
2022-04-13 16:07:41.109 [INFO ] org.springframework.boot.web.servlet.context.ServletWebServerApplicationContext - Root WebApplicationContext: initialization completed in 677 ms
2022-04-13 16:07:41.769 [INFO ] org.springframework.security.web.DefaultSecurityFilterChain - Will not secure any request
2022-04-13 16:07:41.979 [INFO ] org.apache.coyote.http11.Http11NioProtocol - Starting ProtocolHandler ["http-nio-8081"]
2022-04-13 16:07:41.987 [INFO ] org.springframework.boot.web.embedded.tomcat.TomcatWebServer - Tomcat started on port(s): 8081 (http) with context path ''
2022-04-13 16:07:42.076 [INFO ] cn.ustc.BlogApplication - Started BlogApplication in 1.841 seconds (JVM running for 2.252)
2022-04-13 16:07:45.821 [INFO ] org.apache.catalina.core.ContainerBase.[Tomcat].[localhost].[/] - Initializing Spring DispatcherServlet 'dispatcherServlet'
2022-04-13 16:07:50.155 [INFO ] com.zaxxer.hikari.HikariDataSource - HikariPool-1 - Starting...
2022-04-13 16:07:50.316 [INFO ] com.zaxxer.hikari.HikariDataSource - HikariPool-1 - Start completed.
2022-04-13 16:09:06.578 [INFO ] com.zaxxer.hikari.HikariDataSource - HikariPool-1 - Shutdown initiated...
2022-04-13 16:09:06.585 [INFO ] com.zaxxer.hikari.HikariDataSource - HikariPool-1 - Shutdown completed.
2022-04-13 16:09:11.648 [INFO ] cn.ustc.BlogApplication - Starting BlogApplication using Java 1.8.0_282 on Glor.local with PID 69291 (/Users/leixue/Documents/CODE/blog/blog-web/target/classes started by leixue in /Users/leixue/Documents/CODE/blog)
2022-04-13 16:09:11.650 [INFO ] cn.ustc.BlogApplication - No active profile set, falling back to 1 default profile: "default"
2022-04-13 16:09:12.025 [INFO ] org.springframework.data.repository.config.RepositoryConfigurationDelegate - Multiple Spring Data modules found, entering strict repository configuration mode!
2022-04-13 16:09:12.026 [INFO ] org.springframework.data.repository.config.RepositoryConfigurationDelegate - Bootstrapping Spring Data Redis repositories in DEFAULT mode.
2022-04-13 16:09:12.038 [INFO ] org.springframework.data.repository.config.RepositoryConfigurationDelegate - Finished Spring Data repository scanning in 5 ms. Found 0 Redis repository interfaces.
2022-04-13 16:09:12.266 [INFO ] org.springframework.boot.web.embedded.tomcat.TomcatWebServer - Tomcat initialized with port(s): 8081 (http)
2022-04-13 16:09:12.269 [INFO ] org.apache.coyote.http11.Http11NioProtocol - Initializing ProtocolHandler ["http-nio-8081"]
2022-04-13 16:09:12.270 [INFO ] org.apache.catalina.core.StandardService - Starting service [Tomcat]
2022-04-13 16:09:12.270 [INFO ] org.apache.catalina.core.StandardEngine - Starting Servlet engine: [Apache Tomcat/9.0.58]
2022-04-13 16:09:12.297 [INFO ] org.apache.catalina.core.ContainerBase.[Tomcat].[localhost].[/] - Initializing Spring embedded WebApplicationContext
2022-04-13 16:09:12.298 [INFO ] org.springframework.boot.web.servlet.context.ServletWebServerApplicationContext - Root WebApplicationContext: initialization completed in 631 ms
2022-04-13 16:09:12.939 [INFO ] org.springframework.security.web.DefaultSecurityFilterChain - Will not secure any request
2022-04-13 16:09:13.136 [INFO ] org.apache.coyote.http11.Http11NioProtocol - Starting ProtocolHandler ["http-nio-8081"]
2022-04-13 16:09:13.144 [INFO ] org.springframework.boot.web.embedded.tomcat.TomcatWebServer - Tomcat started on port(s): 8081 (http) with context path ''
2022-04-13 16:09:13.231 [INFO ] cn.ustc.BlogApplication - Started BlogApplication in 1.752 seconds (JVM running for 1.945)
2022-04-13 16:09:17.278 [INFO ] org.apache.catalina.core.ContainerBase.[Tomcat].[localhost].[/] - Initializing Spring DispatcherServlet 'dispatcherServlet'
2022-04-13 16:09:22.088 [INFO ] com.zaxxer.hikari.HikariDataSource - HikariPool-1 - Starting...
2022-04-13 16:09:22.243 [INFO ] com.zaxxer.hikari.HikariDataSource - HikariPool-1 - Start completed.
2022-04-13 16:14:20.676 [INFO ] com.zaxxer.hikari.HikariDataSource - HikariPool-1 - Shutdown initiated...
2022-04-13 16:14:20.682 [INFO ] com.zaxxer.hikari.HikariDataSource - HikariPool-1 - Shutdown completed.
2022-04-13 16:14:25.764 [INFO ] cn.ustc.BlogApplication - Starting BlogApplication using Java 1.8.0_282 on Glor.local with PID 71479 (/Users/leixue/Documents/CODE/blog/blog-web/target/classes started by leixue in /Users/leixue/Documents/CODE/blog)
2022-04-13 16:14:25.765 [INFO ] cn.ustc.BlogApplication - No active profile set, falling back to 1 default profile: "default"
2022-04-13 16:14:26.141 [INFO ] org.springframework.data.repository.config.RepositoryConfigurationDelegate - Multiple Spring Data modules found, entering strict repository configuration mode!
2022-04-13 16:14:26.142 [INFO ] org.springframework.data.repository.config.RepositoryConfigurationDelegate - Bootstrapping Spring Data Redis repositories in DEFAULT mode.
2022-04-13 16:14:26.154 [INFO ] org.springframework.data.repository.config.RepositoryConfigurationDelegate - Finished Spring Data repository scanning in 5 ms. Found 0 Redis repository interfaces.
2022-04-13 16:14:26.384 [INFO ] org.springframework.boot.web.embedded.tomcat.TomcatWebServer - Tomcat initialized with port(s): 8081 (http)
2022-04-13 16:14:26.388 [INFO ] org.apache.coyote.http11.Http11NioProtocol - Initializing ProtocolHandler ["http-nio-8081"]
2022-04-13 16:14:26.388 [INFO ] org.apache.catalina.core.StandardService - Starting service [Tomcat]
2022-04-13 16:14:26.388 [INFO ] org.apache.catalina.core.StandardEngine - Starting Servlet engine: [Apache Tomcat/9.0.58]
2022-04-13 16:14:26.415 [INFO ] org.apache.catalina.core.ContainerBase.[Tomcat].[localhost].[/] - Initializing Spring embedded WebApplicationContext
2022-04-13 16:14:26.415 [INFO ] org.springframework.boot.web.servlet.context.ServletWebServerApplicationContext - Root WebApplicationContext: initialization completed in 632 ms
2022-04-13 16:14:27.054 [INFO ] org.springframework.security.web.DefaultSecurityFilterChain - Will not secure any request
2022-04-13 16:14:27.251 [INFO ] org.apache.coyote.http11.Http11NioProtocol - Starting ProtocolHandler ["http-nio-8081"]
2022-04-13 16:14:27.259 [INFO ] org.springframework.boot.web.embedded.tomcat.TomcatWebServer - Tomcat started on port(s): 8081 (http) with context path ''
2022-04-13 16:14:27.347 [INFO ] cn.ustc.BlogApplication - Started BlogApplication in 1.773 seconds (JVM running for 1.973)
2022-04-13 16:14:34.977 [INFO ] org.apache.catalina.core.ContainerBase.[Tomcat].[localhost].[/] - Initializing Spring DispatcherServlet 'dispatcherServlet'
2022-04-13 16:14:43.942 [INFO ] com.zaxxer.hikari.HikariDataSource - HikariPool-1 - Starting...
2022-04-13 16:14:44.109 [INFO ] com.zaxxer.hikari.HikariDataSource - HikariPool-1 - Start completed.
2022-04-13 19:41:27.387 [INFO ] com.zaxxer.hikari.HikariDataSource - HikariPool-1 - Shutdown initiated...
2022-04-13 19:41:27.398 [INFO ] com.zaxxer.hikari.HikariDataSource - HikariPool-1 - Shutdown completed.
