2022-04-24 14:21:54.103 [DEBUG] cn.ustc.blog.mapper.SysUserMapper.selectList - ==>  Preparing: SELECT id,username,password,avatar,email,city,last_login,created,updated,statu FROM sys_user WHERE (username = ?)
2022-04-24 14:21:54.116 [DEBUG] cn.ustc.blog.mapper.SysUserMapper.selectList - ==> Parameters: admin(String)
2022-04-24 14:21:54.146 [DEBUG] cn.ustc.blog.mapper.SysUserMapper.selectList - <==      Total: 1
2022-04-24 14:21:54.149 [DEBUG] cn.ustc.blog.mapper.SysUserMapper.selectById - ==>  Preparing: SELECT id,username,password,avatar,email,city,last_login,created,updated,statu FROM sys_user WHERE id=?
2022-04-24 14:21:54.150 [DEBUG] cn.ustc.blog.mapper.SysUserMapper.selectById - ==> Parameters: 1(Long)
2022-04-24 14:21:54.152 [DEBUG] cn.ustc.blog.mapper.SysUserMapper.selectById - <==      Total: 1
2022-04-24 14:21:54.159 [DEBUG] cn.ustc.blog.mapper.SysRoleMapper.selectList - ==>  Preparing: SELECT id,name,code,remark,created,updated,statu FROM sys_role WHERE (id IN (select role_id from sys_user_role where user_id = 1))
2022-04-24 14:21:54.159 [DEBUG] cn.ustc.blog.mapper.SysRoleMapper.selectList - ==> Parameters: 
2022-04-24 14:21:54.164 [DEBUG] cn.ustc.blog.mapper.SysRoleMapper.selectList - <==      Total: 2
2022-04-24 14:21:54.165 [DEBUG] cn.ustc.blog.mapper.SysUserMapper.getNavMenuIds - ==>  Preparing: SELECT DISTINCT rm.menu_id FROM sys_user_role ur LEFT JOIN sys_role_menu rm ON ur.role_id = rm.role_id WHERE ur.user_id = ?
2022-04-24 14:21:54.165 [DEBUG] cn.ustc.blog.mapper.SysUserMapper.getNavMenuIds - ==> Parameters: 1(Long)
2022-04-24 14:21:54.168 [DEBUG] cn.ustc.blog.mapper.SysUserMapper.getNavMenuIds - <==      Total: 18
2022-04-24 14:21:54.171 [DEBUG] cn.ustc.blog.mapper.SysMenuMapper.selectBatchIds - ==>  Preparing: SELECT id,parent_id,name,path,perms,component,type,icon,order_num,created,updated,statu FROM sys_menu WHERE id IN ( ? , ? , ? , ? , ? , ? , ? , ? , ? , ? , ? , ? , ? , ? , ? , ? , ? , ? )
2022-04-24 14:21:54.172 [DEBUG] cn.ustc.blog.mapper.SysMenuMapper.selectBatchIds - ==> Parameters: 6(Long), 5(Long), 19(Long), 18(Long), 17(Long), 4(Long), 16(Long), 15(Long), 14(Long), 7(Long), 3(Long), 13(Long), 12(Long), 11(Long), 10(Long), 9(Long), 2(Long), 1(Long)
2022-04-24 14:21:54.177 [DEBUG] cn.ustc.blog.mapper.SysMenuMapper.selectBatchIds - <==      Total: 18
2022-04-24 14:21:54.292 [DEBUG] cn.ustc.blog.mapper.SysUserMapper.selectList - ==>  Preparing: SELECT id,username,password,avatar,email,city,last_login,created,updated,statu FROM sys_user WHERE (username = ?)
2022-04-24 14:21:54.292 [DEBUG] cn.ustc.blog.mapper.SysUserMapper.selectList - ==> Parameters: admin(String)
2022-04-24 14:21:54.295 [DEBUG] cn.ustc.blog.mapper.SysUserMapper.selectList - <==      Total: 1
2022-04-24 14:21:54.295 [DEBUG] cn.ustc.blog.mapper.SysUserMapper.selectById - ==>  Preparing: SELECT id,username,password,avatar,email,city,last_login,created,updated,statu FROM sys_user WHERE id=?
2022-04-24 14:21:54.295 [DEBUG] cn.ustc.blog.mapper.SysUserMapper.selectById - ==> Parameters: 1(Long)
2022-04-24 14:21:54.297 [DEBUG] cn.ustc.blog.mapper.SysUserMapper.selectById - <==      Total: 1
2022-04-24 14:21:54.311 [DEBUG] cn.ustc.blog.mapper.SysUserMapper.selectList - ==>  Preparing: SELECT id,username,password,avatar,email,city,last_login,created,updated,statu FROM sys_user WHERE (username = ?)
2022-04-24 14:21:54.311 [DEBUG] cn.ustc.blog.mapper.SysUserMapper.selectList - ==> Parameters: admin(String)
2022-04-24 14:21:54.313 [DEBUG] cn.ustc.blog.mapper.SysUserMapper.selectList - <==      Total: 1
2022-04-24 14:21:57.257 [DEBUG] cn.ustc.blog.mapper.SysUserMapper.selectList - ==>  Preparing: SELECT id,username,password,avatar,email,city,last_login,created,updated,statu FROM sys_user WHERE (username = ?)
2022-04-24 14:21:57.258 [DEBUG] cn.ustc.blog.mapper.SysUserMapper.selectList - ==> Parameters: admin(String)
2022-04-24 14:21:57.264 [DEBUG] cn.ustc.blog.mapper.SysUserMapper.selectList - <==      Total: 1
2022-04-24 14:21:57.266 [DEBUG] cn.ustc.blog.mapper.SysUserMapper.selectById - ==>  Preparing: SELECT id,username,password,avatar,email,city,last_login,created,updated,statu FROM sys_user WHERE id=?
2022-04-24 14:21:57.267 [DEBUG] cn.ustc.blog.mapper.SysUserMapper.selectById - ==> Parameters: 1(Long)
2022-04-24 14:21:57.273 [DEBUG] cn.ustc.blog.mapper.SysUserMapper.selectById - <==      Total: 1
2022-04-24 14:21:57.291 [DEBUG] cn.ustc.blog.mapper.SysUserMapper.selectList - ==>  Preparing: SELECT id,username,password,avatar,email,city,last_login,created,updated,statu FROM sys_user WHERE (username = ?)
2022-04-24 14:21:57.292 [DEBUG] cn.ustc.blog.mapper.SysUserMapper.selectList - ==> Parameters: admin(String)
2022-04-24 14:21:57.297 [DEBUG] cn.ustc.blog.mapper.SysUserMapper.selectList - <==      Total: 1
2022-04-24 14:21:59.221 [DEBUG] cn.ustc.blog.mapper.SysUserMapper.selectList - ==>  Preparing: SELECT id,username,password,avatar,email,city,last_login,created,updated,statu FROM sys_user WHERE (username = ?)
2022-04-24 14:21:59.222 [DEBUG] cn.ustc.blog.mapper.SysUserMapper.selectList - ==> Parameters: admin(String)
2022-04-24 14:21:59.226 [DEBUG] cn.ustc.blog.mapper.SysUserMapper.selectList - <==      Total: 1
2022-04-24 14:21:59.228 [DEBUG] cn.ustc.blog.mapper.SysUserMapper.selectById - ==>  Preparing: SELECT id,username,password,avatar,email,city,last_login,created,updated,statu FROM sys_user WHERE id=?
2022-04-24 14:21:59.229 [DEBUG] cn.ustc.blog.mapper.SysUserMapper.selectById - ==> Parameters: 1(Long)
2022-04-24 14:21:59.233 [DEBUG] cn.ustc.blog.mapper.SysUserMapper.selectById - <==      Total: 1
2022-04-24 14:21:59.253 [DEBUG] cn.ustc.blog.mapper.SysUserMapper.selectList - ==>  Preparing: SELECT id,username,password,avatar,email,city,last_login,created,updated,statu FROM sys_user WHERE (username = ?)
2022-04-24 14:21:59.255 [DEBUG] cn.ustc.blog.mapper.SysUserMapper.selectList - ==> Parameters: admin(String)
2022-04-24 14:21:59.261 [DEBUG] cn.ustc.blog.mapper.SysUserMapper.selectList - <==      Total: 1
2022-04-24 14:21:59.831 [DEBUG] cn.ustc.blog.mapper.SysUserMapper.selectList - ==>  Preparing: SELECT id,username,password,avatar,email,city,last_login,created,updated,statu FROM sys_user WHERE (username = ?)
2022-04-24 14:21:59.833 [DEBUG] cn.ustc.blog.mapper.SysUserMapper.selectList - ==> Parameters: admin(String)
2022-04-24 14:21:59.837 [DEBUG] cn.ustc.blog.mapper.SysUserMapper.selectList - <==      Total: 1
2022-04-24 14:21:59.839 [DEBUG] cn.ustc.blog.mapper.SysUserMapper.selectById - ==>  Preparing: SELECT id,username,password,avatar,email,city,last_login,created,updated,statu FROM sys_user WHERE id=?
2022-04-24 14:21:59.842 [DEBUG] cn.ustc.blog.mapper.SysUserMapper.selectById - ==> Parameters: 1(Long)
2022-04-24 14:21:59.849 [DEBUG] cn.ustc.blog.mapper.SysUserMapper.selectById - <==      Total: 1
2022-04-24 14:22:01.440 [DEBUG] cn.ustc.blog.mapper.SysUserMapper.selectList - ==>  Preparing: SELECT id,username,password,avatar,email,city,last_login,created,updated,statu FROM sys_user WHERE (username = ?)
2022-04-24 14:22:01.441 [DEBUG] cn.ustc.blog.mapper.SysUserMapper.selectList - ==> Parameters: admin(String)
2022-04-24 14:22:01.445 [DEBUG] cn.ustc.blog.mapper.SysUserMapper.selectList - <==      Total: 1
2022-04-24 14:22:01.446 [DEBUG] cn.ustc.blog.mapper.SysUserMapper.selectById - ==>  Preparing: SELECT id,username,password,avatar,email,city,last_login,created,updated,statu FROM sys_user WHERE id=?
2022-04-24 14:22:01.447 [DEBUG] cn.ustc.blog.mapper.SysUserMapper.selectById - ==> Parameters: 1(Long)
2022-04-24 14:22:01.451 [DEBUG] cn.ustc.blog.mapper.SysUserMapper.selectById - <==      Total: 1
2022-04-24 14:22:01.466 [DEBUG] cn.ustc.blog.mapper.SysUserMapper.selectList - ==>  Preparing: SELECT id,username,password,avatar,email,city,last_login,created,updated,statu FROM sys_user WHERE (username = ?)
2022-04-24 14:22:01.467 [DEBUG] cn.ustc.blog.mapper.SysUserMapper.selectList - ==> Parameters: admin(String)
2022-04-24 14:22:01.473 [DEBUG] cn.ustc.blog.mapper.SysUserMapper.selectList - <==      Total: 1
2022-04-24 14:22:03.905 [DEBUG] cn.ustc.blog.mapper.SysUserMapper.selectList - ==>  Preparing: SELECT id,username,password,avatar,email,city,last_login,created,updated,statu FROM sys_user WHERE (username = ?)
2022-04-24 14:22:03.906 [DEBUG] cn.ustc.blog.mapper.SysUserMapper.selectList - ==> Parameters: admin(String)
2022-04-24 14:22:03.910 [DEBUG] cn.ustc.blog.mapper.SysUserMapper.selectList - <==      Total: 1
2022-04-24 14:22:03.912 [DEBUG] cn.ustc.blog.mapper.SysUserMapper.selectById - ==>  Preparing: SELECT id,username,password,avatar,email,city,last_login,created,updated,statu FROM sys_user WHERE id=?
2022-04-24 14:22:03.912 [DEBUG] cn.ustc.blog.mapper.SysUserMapper.selectById - ==> Parameters: 1(Long)
2022-04-24 14:22:03.916 [DEBUG] cn.ustc.blog.mapper.SysUserMapper.selectById - <==      Total: 1
2022-04-24 14:22:03.937 [DEBUG] cn.ustc.blog.mapper.SysUserMapper.selectList - ==>  Preparing: SELECT id,username,password,avatar,email,city,last_login,created,updated,statu FROM sys_user WHERE (username = ?)
2022-04-24 14:22:03.939 [DEBUG] cn.ustc.blog.mapper.SysUserMapper.selectList - ==> Parameters: admin(String)
2022-04-24 14:22:03.943 [DEBUG] cn.ustc.blog.mapper.SysUserMapper.selectList - <==      Total: 1
2022-04-24 15:45:35.639 [DEBUG] cn.ustc.blog.mapper.SysUserMapper.selectList - ==>  Preparing: SELECT id,username,password,avatar,email,city,last_login,created,updated,statu FROM sys_user WHERE (username = ?)
2022-04-24 15:45:35.641 [DEBUG] cn.ustc.blog.mapper.SysUserMapper.selectList - ==> Parameters: admin(String)
2022-04-24 15:45:35.649 [DEBUG] cn.ustc.blog.mapper.SysUserMapper.selectList - <==      Total: 1
2022-04-24 15:45:35.650 [DEBUG] cn.ustc.blog.mapper.SysUserMapper.selectById - ==>  Preparing: SELECT id,username,password,avatar,email,city,last_login,created,updated,statu FROM sys_user WHERE id=?
2022-04-24 15:45:35.651 [DEBUG] cn.ustc.blog.mapper.SysUserMapper.selectById - ==> Parameters: 1(Long)
2022-04-24 15:45:35.654 [DEBUG] cn.ustc.blog.mapper.SysUserMapper.selectById - <==      Total: 1
2022-04-24 15:45:35.661 [DEBUG] cn.ustc.blog.mapper.SysRoleMapper.selectList - ==>  Preparing: SELECT id,name,code,remark,created,updated,statu FROM sys_role WHERE (id IN (select role_id from sys_user_role where user_id = 1))
2022-04-24 15:45:35.661 [DEBUG] cn.ustc.blog.mapper.SysRoleMapper.selectList - ==> Parameters: 
2022-04-24 15:45:35.672 [DEBUG] cn.ustc.blog.mapper.SysRoleMapper.selectList - <==      Total: 2
2022-04-24 15:45:35.673 [DEBUG] cn.ustc.blog.mapper.SysUserMapper.getNavMenuIds - ==>  Preparing: SELECT DISTINCT rm.menu_id FROM sys_user_role ur LEFT JOIN sys_role_menu rm ON ur.role_id = rm.role_id WHERE ur.user_id = ?
2022-04-24 15:45:35.674 [DEBUG] cn.ustc.blog.mapper.SysUserMapper.getNavMenuIds - ==> Parameters: 1(Long)
2022-04-24 15:45:35.680 [DEBUG] cn.ustc.blog.mapper.SysUserMapper.getNavMenuIds - <==      Total: 18
2022-04-24 15:45:35.681 [DEBUG] cn.ustc.blog.mapper.SysMenuMapper.selectBatchIds - ==>  Preparing: SELECT id,parent_id,name,path,perms,component,type,icon,order_num,created,updated,statu FROM sys_menu WHERE id IN ( ? , ? , ? , ? , ? , ? , ? , ? , ? , ? , ? , ? , ? , ? , ? , ? , ? , ? )
2022-04-24 15:45:35.682 [DEBUG] cn.ustc.blog.mapper.SysMenuMapper.selectBatchIds - ==> Parameters: 6(Long), 5(Long), 19(Long), 18(Long), 17(Long), 4(Long), 16(Long), 15(Long), 14(Long), 7(Long), 3(Long), 13(Long), 12(Long), 11(Long), 10(Long), 9(Long), 2(Long), 1(Long)
2022-04-24 15:45:35.688 [DEBUG] cn.ustc.blog.mapper.SysMenuMapper.selectBatchIds - <==      Total: 18
2022-04-24 15:45:35.699 [DEBUG] cn.ustc.blog.mapper.SysUserMapper.selectList - ==>  Preparing: SELECT id,username,password,avatar,email,city,last_login,created,updated,statu FROM sys_user WHERE (username = ?)
2022-04-24 15:45:35.699 [DEBUG] cn.ustc.blog.mapper.SysUserMapper.selectList - ==> Parameters: admin(String)
2022-04-24 15:45:35.703 [DEBUG] cn.ustc.blog.mapper.SysUserMapper.selectList - <==      Total: 1
2022-04-24 15:45:40.507 [DEBUG] cn.ustc.blog.mapper.SysUserMapper.selectList - ==>  Preparing: SELECT id,username,password,avatar,email,city,last_login,created,updated,statu FROM sys_user WHERE (username = ?)
2022-04-24 15:45:40.509 [DEBUG] cn.ustc.blog.mapper.SysUserMapper.selectList - ==> Parameters: admin(String)
2022-04-24 15:45:40.514 [DEBUG] cn.ustc.blog.mapper.SysUserMapper.selectList - <==      Total: 1
2022-04-24 15:45:40.516 [DEBUG] cn.ustc.blog.mapper.SysUserMapper.selectById - ==>  Preparing: SELECT id,username,password,avatar,email,city,last_login,created,updated,statu FROM sys_user WHERE id=?
2022-04-24 15:45:40.517 [DEBUG] cn.ustc.blog.mapper.SysUserMapper.selectById - ==> Parameters: 1(Long)
2022-04-24 15:45:40.523 [DEBUG] cn.ustc.blog.mapper.SysUserMapper.selectById - <==      Total: 1
2022-04-24 15:45:40.542 [DEBUG] cn.ustc.blog.mapper.SysUserMapper.selectList - ==>  Preparing: SELECT id,username,password,avatar,email,city,last_login,created,updated,statu FROM sys_user WHERE (username = ?)
2022-04-24 15:45:40.544 [DEBUG] cn.ustc.blog.mapper.SysUserMapper.selectList - ==> Parameters: admin(String)
2022-04-24 15:45:40.549 [DEBUG] cn.ustc.blog.mapper.SysUserMapper.selectList - <==      Total: 1
2022-04-24 15:45:41.226 [DEBUG] cn.ustc.blog.mapper.SysUserMapper.selectList - ==>  Preparing: SELECT id,username,password,avatar,email,city,last_login,created,updated,statu FROM sys_user WHERE (username = ?)
2022-04-24 15:45:41.227 [DEBUG] cn.ustc.blog.mapper.SysUserMapper.selectList - ==> Parameters: admin(String)
2022-04-24 15:45:41.231 [DEBUG] cn.ustc.blog.mapper.SysUserMapper.selectList - <==      Total: 1
2022-04-24 15:45:41.232 [DEBUG] cn.ustc.blog.mapper.SysUserMapper.selectById - ==>  Preparing: SELECT id,username,password,avatar,email,city,last_login,created,updated,statu FROM sys_user WHERE id=?
2022-04-24 15:45:41.232 [DEBUG] cn.ustc.blog.mapper.SysUserMapper.selectById - ==> Parameters: 1(Long)
2022-04-24 15:45:41.235 [DEBUG] cn.ustc.blog.mapper.SysUserMapper.selectById - <==      Total: 1
2022-04-24 15:45:41.249 [DEBUG] cn.ustc.blog.mapper.SysUserMapper.selectList - ==>  Preparing: SELECT id,username,password,avatar,email,city,last_login,created,updated,statu FROM sys_user WHERE (username = ?)
2022-04-24 15:45:41.250 [DEBUG] cn.ustc.blog.mapper.SysUserMapper.selectList - ==> Parameters: admin(String)
2022-04-24 15:45:41.253 [DEBUG] cn.ustc.blog.mapper.SysUserMapper.selectList - <==      Total: 1
2022-04-24 15:45:41.614 [DEBUG] cn.ustc.blog.mapper.SysUserMapper.selectList - ==>  Preparing: SELECT id,username,password,avatar,email,city,last_login,created,updated,statu FROM sys_user WHERE (username = ?)
2022-04-24 15:45:41.615 [DEBUG] cn.ustc.blog.mapper.SysUserMapper.selectList - ==> Parameters: admin(String)
2022-04-24 15:45:41.618 [DEBUG] cn.ustc.blog.mapper.SysUserMapper.selectList - <==      Total: 1
2022-04-24 15:45:41.619 [DEBUG] cn.ustc.blog.mapper.SysUserMapper.selectById - ==>  Preparing: SELECT id,username,password,avatar,email,city,last_login,created,updated,statu FROM sys_user WHERE id=?
2022-04-24 15:45:41.620 [DEBUG] cn.ustc.blog.mapper.SysUserMapper.selectById - ==> Parameters: 1(Long)
2022-04-24 15:45:41.625 [DEBUG] cn.ustc.blog.mapper.SysUserMapper.selectById - <==      Total: 1
2022-04-24 15:45:42.256 [DEBUG] cn.ustc.blog.mapper.SysUserMapper.selectList - ==>  Preparing: SELECT id,username,password,avatar,email,city,last_login,created,updated,statu FROM sys_user WHERE (username = ?)
2022-04-24 15:45:42.257 [DEBUG] cn.ustc.blog.mapper.SysUserMapper.selectList - ==> Parameters: admin(String)
2022-04-24 15:45:42.260 [DEBUG] cn.ustc.blog.mapper.SysUserMapper.selectList - <==      Total: 1
2022-04-24 15:45:42.262 [DEBUG] cn.ustc.blog.mapper.SysUserMapper.selectById - ==>  Preparing: SELECT id,username,password,avatar,email,city,last_login,created,updated,statu FROM sys_user WHERE id=?
2022-04-24 15:45:42.263 [DEBUG] cn.ustc.blog.mapper.SysUserMapper.selectById - ==> Parameters: 1(Long)
2022-04-24 15:45:42.266 [DEBUG] cn.ustc.blog.mapper.SysUserMapper.selectById - <==      Total: 1
2022-04-24 15:45:42.278 [DEBUG] cn.ustc.blog.mapper.SysUserMapper.selectList - ==>  Preparing: SELECT id,username,password,avatar,email,city,last_login,created,updated,statu FROM sys_user WHERE (username = ?)
2022-04-24 15:45:42.279 [DEBUG] cn.ustc.blog.mapper.SysUserMapper.selectList - ==> Parameters: admin(String)
2022-04-24 15:45:42.283 [DEBUG] cn.ustc.blog.mapper.SysUserMapper.selectList - <==      Total: 1
2022-04-24 15:45:58.755 [DEBUG] cn.ustc.blog.mapper.SysUserMapper.selectList - ==>  Preparing: SELECT id,username,password,avatar,email,city,last_login,created,updated,statu FROM sys_user WHERE (username = ?)
2022-04-24 15:45:58.756 [DEBUG] cn.ustc.blog.mapper.SysUserMapper.selectList - ==> Parameters: admin(String)
2022-04-24 15:45:58.760 [DEBUG] cn.ustc.blog.mapper.SysUserMapper.selectList - <==      Total: 1
2022-04-24 15:45:58.761 [DEBUG] cn.ustc.blog.mapper.SysUserMapper.selectById - ==>  Preparing: SELECT id,username,password,avatar,email,city,last_login,created,updated,statu FROM sys_user WHERE id=?
2022-04-24 15:45:58.762 [DEBUG] cn.ustc.blog.mapper.SysUserMapper.selectById - ==> Parameters: 1(Long)
2022-04-24 15:45:58.766 [DEBUG] cn.ustc.blog.mapper.SysUserMapper.selectById - <==      Total: 1
2022-04-24 15:45:58.780 [DEBUG] cn.ustc.blog.mapper.SysUserMapper.selectList - ==>  Preparing: SELECT id,username,password,avatar,email,city,last_login,created,updated,statu FROM sys_user WHERE (username = ?)
2022-04-24 15:45:58.781 [DEBUG] cn.ustc.blog.mapper.SysUserMapper.selectList - ==> Parameters: admin(String)
2022-04-24 15:45:58.785 [DEBUG] cn.ustc.blog.mapper.SysUserMapper.selectList - <==      Total: 1
2022-04-24 15:46:02.645 [DEBUG] cn.ustc.blog.mapper.SysUserMapper.selectList - ==>  Preparing: SELECT id,username,password,avatar,email,city,last_login,created,updated,statu FROM sys_user WHERE (username = ?)
2022-04-24 15:46:02.646 [DEBUG] cn.ustc.blog.mapper.SysUserMapper.selectList - ==> Parameters: admin(String)
2022-04-24 15:46:02.649 [DEBUG] cn.ustc.blog.mapper.SysUserMapper.selectList - <==      Total: 1
2022-04-24 15:46:02.650 [DEBUG] cn.ustc.blog.mapper.SysUserMapper.selectById - ==>  Preparing: SELECT id,username,password,avatar,email,city,last_login,created,updated,statu FROM sys_user WHERE id=?
2022-04-24 15:46:02.651 [DEBUG] cn.ustc.blog.mapper.SysUserMapper.selectById - ==> Parameters: 1(Long)
2022-04-24 15:46:02.653 [DEBUG] cn.ustc.blog.mapper.SysUserMapper.selectById - <==      Total: 1
2022-04-24 15:46:02.671 [DEBUG] cn.ustc.blog.mapper.SysUserMapper.selectList - ==>  Preparing: SELECT id,username,password,avatar,email,city,last_login,created,updated,statu FROM sys_user WHERE (username = ?)
2022-04-24 15:46:02.672 [DEBUG] cn.ustc.blog.mapper.SysUserMapper.selectList - ==> Parameters: admin(String)
2022-04-24 15:46:02.676 [DEBUG] cn.ustc.blog.mapper.SysUserMapper.selectList - <==      Total: 1
2022-04-24 15:46:03.249 [DEBUG] cn.ustc.blog.mapper.SysUserMapper.selectList - ==>  Preparing: SELECT id,username,password,avatar,email,city,last_login,created,updated,statu FROM sys_user WHERE (username = ?)
2022-04-24 15:46:03.250 [DEBUG] cn.ustc.blog.mapper.SysUserMapper.selectList - ==> Parameters: admin(String)
2022-04-24 15:46:03.253 [DEBUG] cn.ustc.blog.mapper.SysUserMapper.selectList - <==      Total: 1
2022-04-24 15:46:03.254 [DEBUG] cn.ustc.blog.mapper.SysUserMapper.selectById - ==>  Preparing: SELECT id,username,password,avatar,email,city,last_login,created,updated,statu FROM sys_user WHERE id=?
2022-04-24 15:46:03.255 [DEBUG] cn.ustc.blog.mapper.SysUserMapper.selectById - ==> Parameters: 1(Long)
2022-04-24 15:46:03.259 [DEBUG] cn.ustc.blog.mapper.SysUserMapper.selectById - <==      Total: 1
2022-04-24 15:46:03.601 [DEBUG] cn.ustc.blog.mapper.SysUserMapper.selectList - ==>  Preparing: SELECT id,username,password,avatar,email,city,last_login,created,updated,statu FROM sys_user WHERE (username = ?)
2022-04-24 15:46:03.602 [DEBUG] cn.ustc.blog.mapper.SysUserMapper.selectList - ==> Parameters: admin(String)
2022-04-24 15:46:03.605 [DEBUG] cn.ustc.blog.mapper.SysUserMapper.selectList - <==      Total: 1
2022-04-24 15:46:03.607 [DEBUG] cn.ustc.blog.mapper.SysUserMapper.selectById - ==>  Preparing: SELECT id,username,password,avatar,email,city,last_login,created,updated,statu FROM sys_user WHERE id=?
2022-04-24 15:46:03.607 [DEBUG] cn.ustc.blog.mapper.SysUserMapper.selectById - ==> Parameters: 1(Long)
2022-04-24 15:46:03.613 [DEBUG] cn.ustc.blog.mapper.SysUserMapper.selectById - <==      Total: 1
2022-04-24 15:46:03.628 [DEBUG] cn.ustc.blog.mapper.SysUserMapper.selectList - ==>  Preparing: SELECT id,username,password,avatar,email,city,last_login,created,updated,statu FROM sys_user WHERE (username = ?)
2022-04-24 15:46:03.629 [DEBUG] cn.ustc.blog.mapper.SysUserMapper.selectList - ==> Parameters: admin(String)
2022-04-24 15:46:03.633 [DEBUG] cn.ustc.blog.mapper.SysUserMapper.selectList - <==      Total: 1
2022-04-24 15:46:12.381 [DEBUG] cn.ustc.blog.mapper.SysUserMapper.selectList - ==>  Preparing: SELECT id,username,password,avatar,email,city,last_login,created,updated,statu FROM sys_user WHERE (username = ?)
2022-04-24 15:46:12.382 [DEBUG] cn.ustc.blog.mapper.SysUserMapper.selectList - ==> Parameters: admin(String)
2022-04-24 15:46:12.386 [DEBUG] cn.ustc.blog.mapper.SysUserMapper.selectList - <==      Total: 1
2022-04-24 15:46:12.388 [DEBUG] cn.ustc.blog.mapper.SysUserMapper.selectById - ==>  Preparing: SELECT id,username,password,avatar,email,city,last_login,created,updated,statu FROM sys_user WHERE id=?
2022-04-24 15:46:12.388 [DEBUG] cn.ustc.blog.mapper.SysUserMapper.selectById - ==> Parameters: 1(Long)
2022-04-24 15:46:12.392 [DEBUG] cn.ustc.blog.mapper.SysUserMapper.selectById - <==      Total: 1
2022-04-24 15:46:12.405 [DEBUG] cn.ustc.blog.mapper.SysUserMapper.selectList - ==>  Preparing: SELECT id,username,password,avatar,email,city,last_login,created,updated,statu FROM sys_user WHERE (username = ?)
2022-04-24 15:46:12.407 [DEBUG] cn.ustc.blog.mapper.SysUserMapper.selectList - ==> Parameters: admin(String)
2022-04-24 15:46:12.412 [DEBUG] cn.ustc.blog.mapper.SysUserMapper.selectList - <==      Total: 1
2022-04-24 15:48:44.083 [DEBUG] cn.ustc.blog.mapper.SysUserMapper.selectList - ==>  Preparing: SELECT id,username,password,avatar,email,city,last_login,created,updated,statu FROM sys_user WHERE (username = ?)
2022-04-24 15:48:44.084 [DEBUG] cn.ustc.blog.mapper.SysUserMapper.selectList - ==> Parameters: admin(String)
2022-04-24 15:48:44.088 [DEBUG] cn.ustc.blog.mapper.SysUserMapper.selectList - <==      Total: 1
2022-04-24 15:48:44.089 [DEBUG] cn.ustc.blog.mapper.SysUserMapper.selectById - ==>  Preparing: SELECT id,username,password,avatar,email,city,last_login,created,updated,statu FROM sys_user WHERE id=?
2022-04-24 15:48:44.089 [DEBUG] cn.ustc.blog.mapper.SysUserMapper.selectById - ==> Parameters: 1(Long)
2022-04-24 15:48:44.093 [DEBUG] cn.ustc.blog.mapper.SysUserMapper.selectById - <==      Total: 1
2022-04-24 15:48:44.105 [DEBUG] cn.ustc.blog.mapper.SysUserMapper.selectList - ==>  Preparing: SELECT id,username,password,avatar,email,city,last_login,created,updated,statu FROM sys_user WHERE (username = ?)
2022-04-24 15:48:44.106 [DEBUG] cn.ustc.blog.mapper.SysUserMapper.selectList - ==> Parameters: admin(String)
2022-04-24 15:48:44.109 [DEBUG] cn.ustc.blog.mapper.SysUserMapper.selectList - <==      Total: 1
2022-04-24 15:48:46.764 [DEBUG] cn.ustc.blog.mapper.SysUserMapper.selectList - ==>  Preparing: SELECT id,username,password,avatar,email,city,last_login,created,updated,statu FROM sys_user WHERE (username = ?)
2022-04-24 15:48:46.765 [DEBUG] cn.ustc.blog.mapper.SysUserMapper.selectList - ==> Parameters: admin(String)
2022-04-24 15:48:46.770 [DEBUG] cn.ustc.blog.mapper.SysUserMapper.selectList - <==      Total: 1
2022-04-24 15:48:46.772 [DEBUG] cn.ustc.blog.mapper.SysUserMapper.selectById - ==>  Preparing: SELECT id,username,password,avatar,email,city,last_login,created,updated,statu FROM sys_user WHERE id=?
2022-04-24 15:48:46.772 [DEBUG] cn.ustc.blog.mapper.SysUserMapper.selectById - ==> Parameters: 1(Long)
2022-04-24 15:48:46.777 [DEBUG] cn.ustc.blog.mapper.SysUserMapper.selectById - <==      Total: 1
2022-04-24 15:48:46.797 [DEBUG] cn.ustc.blog.mapper.SysUserMapper.selectList - ==>  Preparing: SELECT id,username,password,avatar,email,city,last_login,created,updated,statu FROM sys_user WHERE (username = ?)
2022-04-24 15:48:46.798 [DEBUG] cn.ustc.blog.mapper.SysUserMapper.selectList - ==> Parameters: admin(String)
2022-04-24 15:48:46.801 [DEBUG] cn.ustc.blog.mapper.SysUserMapper.selectList - <==      Total: 1
2022-04-24 15:48:48.093 [DEBUG] cn.ustc.blog.mapper.SysUserMapper.selectList - ==>  Preparing: SELECT id,username,password,avatar,email,city,last_login,created,updated,statu FROM sys_user WHERE (username = ?)
2022-04-24 15:48:48.095 [DEBUG] cn.ustc.blog.mapper.SysUserMapper.selectList - ==> Parameters: admin(String)
2022-04-24 15:48:48.100 [DEBUG] cn.ustc.blog.mapper.SysUserMapper.selectList - <==      Total: 1
2022-04-24 15:48:48.101 [DEBUG] cn.ustc.blog.mapper.SysUserMapper.selectById - ==>  Preparing: SELECT id,username,password,avatar,email,city,last_login,created,updated,statu FROM sys_user WHERE id=?
2022-04-24 15:48:48.102 [DEBUG] cn.ustc.blog.mapper.SysUserMapper.selectById - ==> Parameters: 1(Long)
2022-04-24 15:48:48.106 [DEBUG] cn.ustc.blog.mapper.SysUserMapper.selectById - <==      Total: 1
2022-04-24 15:48:48.130 [DEBUG] cn.ustc.blog.mapper.SysUserMapper.selectList - ==>  Preparing: SELECT id,username,password,avatar,email,city,last_login,created,updated,statu FROM sys_user WHERE (username = ?)
2022-04-24 15:48:48.132 [DEBUG] cn.ustc.blog.mapper.SysUserMapper.selectList - ==> Parameters: admin(String)
2022-04-24 15:48:48.136 [DEBUG] cn.ustc.blog.mapper.SysUserMapper.selectList - <==      Total: 1
2022-04-24 15:48:48.701 [DEBUG] cn.ustc.blog.mapper.SysUserMapper.selectList - ==>  Preparing: SELECT id,username,password,avatar,email,city,last_login,created,updated,statu FROM sys_user WHERE (username = ?)
2022-04-24 15:48:48.701 [DEBUG] cn.ustc.blog.mapper.SysUserMapper.selectList - ==> Parameters: admin(String)
2022-04-24 15:48:48.706 [DEBUG] cn.ustc.blog.mapper.SysUserMapper.selectList - <==      Total: 1
2022-04-24 15:48:48.707 [DEBUG] cn.ustc.blog.mapper.SysUserMapper.selectById - ==>  Preparing: SELECT id,username,password,avatar,email,city,last_login,created,updated,statu FROM sys_user WHERE id=?
2022-04-24 15:48:48.708 [DEBUG] cn.ustc.blog.mapper.SysUserMapper.selectById - ==> Parameters: 1(Long)
2022-04-24 15:48:48.714 [DEBUG] cn.ustc.blog.mapper.SysUserMapper.selectById - <==      Total: 1
2022-04-24 15:48:48.969 [DEBUG] cn.ustc.blog.mapper.SysUserMapper.selectList - ==>  Preparing: SELECT id,username,password,avatar,email,city,last_login,created,updated,statu FROM sys_user WHERE (username = ?)
2022-04-24 15:48:48.970 [DEBUG] cn.ustc.blog.mapper.SysUserMapper.selectList - ==> Parameters: admin(String)
2022-04-24 15:48:48.974 [DEBUG] cn.ustc.blog.mapper.SysUserMapper.selectList - <==      Total: 1
2022-04-24 15:48:48.975 [DEBUG] cn.ustc.blog.mapper.SysUserMapper.selectById - ==>  Preparing: SELECT id,username,password,avatar,email,city,last_login,created,updated,statu FROM sys_user WHERE id=?
2022-04-24 15:48:48.975 [DEBUG] cn.ustc.blog.mapper.SysUserMapper.selectById - ==> Parameters: 1(Long)
2022-04-24 15:48:48.981 [DEBUG] cn.ustc.blog.mapper.SysUserMapper.selectById - <==      Total: 1
2022-04-24 15:48:48.995 [DEBUG] cn.ustc.blog.mapper.SysUserMapper.selectList - ==>  Preparing: SELECT id,username,password,avatar,email,city,last_login,created,updated,statu FROM sys_user WHERE (username = ?)
2022-04-24 15:48:48.996 [DEBUG] cn.ustc.blog.mapper.SysUserMapper.selectList - ==> Parameters: admin(String)
2022-04-24 15:48:49.001 [DEBUG] cn.ustc.blog.mapper.SysUserMapper.selectList - <==      Total: 1
2022-04-24 15:48:50.612 [DEBUG] cn.ustc.blog.mapper.SysUserMapper.selectList - ==>  Preparing: SELECT id,username,password,avatar,email,city,last_login,created,updated,statu FROM sys_user WHERE (username = ?)
2022-04-24 15:48:50.613 [DEBUG] cn.ustc.blog.mapper.SysUserMapper.selectList - ==> Parameters: admin(String)
2022-04-24 15:48:50.618 [DEBUG] cn.ustc.blog.mapper.SysUserMapper.selectList - <==      Total: 1
2022-04-24 15:48:50.620 [DEBUG] cn.ustc.blog.mapper.SysUserMapper.selectById - ==>  Preparing: SELECT id,username,password,avatar,email,city,last_login,created,updated,statu FROM sys_user WHERE id=?
2022-04-24 15:48:50.620 [DEBUG] cn.ustc.blog.mapper.SysUserMapper.selectById - ==> Parameters: 1(Long)
2022-04-24 15:48:50.625 [DEBUG] cn.ustc.blog.mapper.SysUserMapper.selectById - <==      Total: 1
2022-04-24 15:48:50.642 [DEBUG] cn.ustc.blog.mapper.SysUserMapper.selectList - ==>  Preparing: SELECT id,username,password,avatar,email,city,last_login,created,updated,statu FROM sys_user WHERE (username = ?)
2022-04-24 15:48:50.643 [DEBUG] cn.ustc.blog.mapper.SysUserMapper.selectList - ==> Parameters: admin(String)
2022-04-24 15:48:50.649 [DEBUG] cn.ustc.blog.mapper.SysUserMapper.selectList - <==      Total: 1
2022-04-24 15:49:15.911 [DEBUG] cn.ustc.blog.mapper.SysUserMapper.selectList - ==>  Preparing: SELECT id,username,password,avatar,email,city,last_login,created,updated,statu FROM sys_user WHERE (username = ?)
2022-04-24 15:49:15.913 [DEBUG] cn.ustc.blog.mapper.SysUserMapper.selectList - ==> Parameters: admin(String)
2022-04-24 15:49:15.918 [DEBUG] cn.ustc.blog.mapper.SysUserMapper.selectList - <==      Total: 1
2022-04-24 15:49:15.919 [DEBUG] cn.ustc.blog.mapper.SysUserMapper.selectById - ==>  Preparing: SELECT id,username,password,avatar,email,city,last_login,created,updated,statu FROM sys_user WHERE id=?
2022-04-24 15:49:15.919 [DEBUG] cn.ustc.blog.mapper.SysUserMapper.selectById - ==> Parameters: 1(Long)
2022-04-24 15:49:15.924 [DEBUG] cn.ustc.blog.mapper.SysUserMapper.selectById - <==      Total: 1
2022-04-24 15:49:15.940 [DEBUG] cn.ustc.blog.mapper.SysUserMapper.selectList - ==>  Preparing: SELECT id,username,password,avatar,email,city,last_login,created,updated,statu FROM sys_user WHERE (username = ?)
2022-04-24 15:49:15.941 [DEBUG] cn.ustc.blog.mapper.SysUserMapper.selectList - ==> Parameters: admin(String)
2022-04-24 15:49:15.945 [DEBUG] cn.ustc.blog.mapper.SysUserMapper.selectList - <==      Total: 1
2022-04-24 15:49:24.820 [DEBUG] cn.ustc.blog.mapper.SysUserMapper.selectList - ==>  Preparing: SELECT id,username,password,avatar,email,city,last_login,created,updated,statu FROM sys_user WHERE (username = ?)
2022-04-24 15:49:24.822 [DEBUG] cn.ustc.blog.mapper.SysUserMapper.selectList - ==> Parameters: admin(String)
2022-04-24 15:49:24.826 [DEBUG] cn.ustc.blog.mapper.SysUserMapper.selectList - <==      Total: 1
2022-04-24 15:49:24.827 [DEBUG] cn.ustc.blog.mapper.SysUserMapper.selectById - ==>  Preparing: SELECT id,username,password,avatar,email,city,last_login,created,updated,statu FROM sys_user WHERE id=?
2022-04-24 15:49:24.828 [DEBUG] cn.ustc.blog.mapper.SysUserMapper.selectById - ==> Parameters: 1(Long)
2022-04-24 15:49:24.831 [DEBUG] cn.ustc.blog.mapper.SysUserMapper.selectById - <==      Total: 1
2022-04-24 15:49:24.845 [DEBUG] cn.ustc.blog.mapper.SysUserMapper.selectList - ==>  Preparing: SELECT id,username,password,avatar,email,city,last_login,created,updated,statu FROM sys_user WHERE (username = ?)
2022-04-24 15:49:24.846 [DEBUG] cn.ustc.blog.mapper.SysUserMapper.selectList - ==> Parameters: admin(String)
2022-04-24 15:49:24.849 [DEBUG] cn.ustc.blog.mapper.SysUserMapper.selectList - <==      Total: 1
2022-04-24 15:49:27.078 [DEBUG] cn.ustc.blog.mapper.SysUserMapper.selectList - ==>  Preparing: SELECT id,username,password,avatar,email,city,last_login,created,updated,statu FROM sys_user WHERE (username = ?)
2022-04-24 15:49:27.079 [DEBUG] cn.ustc.blog.mapper.SysUserMapper.selectList - ==> Parameters: admin(String)
2022-04-24 15:49:27.083 [DEBUG] cn.ustc.blog.mapper.SysUserMapper.selectList - <==      Total: 1
2022-04-24 15:49:27.085 [DEBUG] cn.ustc.blog.mapper.SysUserMapper.selectById - ==>  Preparing: SELECT id,username,password,avatar,email,city,last_login,created,updated,statu FROM sys_user WHERE id=?
2022-04-24 15:49:27.085 [DEBUG] cn.ustc.blog.mapper.SysUserMapper.selectById - ==> Parameters: 1(Long)
2022-04-24 15:49:27.089 [DEBUG] cn.ustc.blog.mapper.SysUserMapper.selectById - <==      Total: 1
2022-04-24 15:49:27.107 [DEBUG] cn.ustc.blog.mapper.SysUserMapper.selectList - ==>  Preparing: SELECT id,username,password,avatar,email,city,last_login,created,updated,statu FROM sys_user WHERE (username = ?)
2022-04-24 15:49:27.109 [DEBUG] cn.ustc.blog.mapper.SysUserMapper.selectList - ==> Parameters: admin(String)
2022-04-24 15:49:27.113 [DEBUG] cn.ustc.blog.mapper.SysUserMapper.selectList - <==      Total: 1
2022-04-24 15:49:27.669 [DEBUG] cn.ustc.blog.mapper.SysUserMapper.selectList - ==>  Preparing: SELECT id,username,password,avatar,email,city,last_login,created,updated,statu FROM sys_user WHERE (username = ?)
2022-04-24 15:49:27.670 [DEBUG] cn.ustc.blog.mapper.SysUserMapper.selectList - ==> Parameters: admin(String)
2022-04-24 15:49:27.673 [DEBUG] cn.ustc.blog.mapper.SysUserMapper.selectList - <==      Total: 1
2022-04-24 15:49:27.674 [DEBUG] cn.ustc.blog.mapper.SysUserMapper.selectById - ==>  Preparing: SELECT id,username,password,avatar,email,city,last_login,created,updated,statu FROM sys_user WHERE id=?
2022-04-24 15:49:27.675 [DEBUG] cn.ustc.blog.mapper.SysUserMapper.selectById - ==> Parameters: 1(Long)
2022-04-24 15:49:27.677 [DEBUG] cn.ustc.blog.mapper.SysUserMapper.selectById - <==      Total: 1
2022-04-24 15:49:27.817 [DEBUG] cn.ustc.blog.mapper.SysUserMapper.selectList - ==>  Preparing: SELECT id,username,password,avatar,email,city,last_login,created,updated,statu FROM sys_user WHERE (username = ?)
2022-04-24 15:49:27.818 [DEBUG] cn.ustc.blog.mapper.SysUserMapper.selectList - ==> Parameters: admin(String)
2022-04-24 15:49:27.823 [DEBUG] cn.ustc.blog.mapper.SysUserMapper.selectList - <==      Total: 1
2022-04-24 15:49:27.825 [DEBUG] cn.ustc.blog.mapper.SysUserMapper.selectById - ==>  Preparing: SELECT id,username,password,avatar,email,city,last_login,created,updated,statu FROM sys_user WHERE id=?
2022-04-24 15:49:27.825 [DEBUG] cn.ustc.blog.mapper.SysUserMapper.selectById - ==> Parameters: 1(Long)
2022-04-24 15:49:27.831 [DEBUG] cn.ustc.blog.mapper.SysUserMapper.selectById - <==      Total: 1
2022-04-24 15:49:27.847 [DEBUG] cn.ustc.blog.mapper.SysUserMapper.selectList - ==>  Preparing: SELECT id,username,password,avatar,email,city,last_login,created,updated,statu FROM sys_user WHERE (username = ?)
2022-04-24 15:49:27.848 [DEBUG] cn.ustc.blog.mapper.SysUserMapper.selectList - ==> Parameters: admin(String)
2022-04-24 15:49:27.852 [DEBUG] cn.ustc.blog.mapper.SysUserMapper.selectList - <==      Total: 1
