2022-04-12 10:13:41.828 [main] WARN  org.mybatis.spring.mapper.ClassPathMapperScanner - Skipping MapperFactoryBean with name 'sysMenuMapper' and 'cn.ustc.blog.mapper.SysMenuMapper' mapperInterface. Bean already defined with the same name!
2022-04-12 10:13:41.828 [main] WARN  org.mybatis.spring.mapper.ClassPathMapperScanner - Skipping MapperFactoryBean with name 'sysRoleMapper' and 'cn.ustc.blog.mapper.SysRoleMapper' mapperInterface. Bean already defined with the same name!
2022-04-12 10:13:41.828 [main] WARN  org.mybatis.spring.mapper.ClassPathMapperScanner - Skipping MapperFactoryBean with name 'sysRoleMenuMapper' and 'cn.ustc.blog.mapper.SysRoleMenuMapper' mapperInterface. Bean already defined with the same name!
2022-04-12 10:13:41.829 [main] WARN  org.mybatis.spring.mapper.ClassPathMapperScanner - Skipping MapperFactoryBean with name 'sysUserMapper' and 'cn.ustc.blog.mapper.SysUserMapper' mapperInterface. Bean already defined with the same name!
2022-04-12 10:13:41.829 [main] WARN  org.mybatis.spring.mapper.ClassPathMapperScanner - Skipping MapperFactoryBean with name 'sysUserRoleMapper' and 'cn.ustc.blog.mapper.SysUserRoleMapper' mapperInterface. Bean already defined with the same name!
2022-04-12 10:13:41.829 [main] WARN  org.mybatis.spring.mapper.ClassPathMapperScanner - Skipping MapperFactoryBean with name 'userMapper' and 'cn.ustc.blog.mapper.UserMapper' mapperInterface. Bean already defined with the same name!
2022-04-12 10:13:41.829 [main] WARN  org.mybatis.spring.mapper.ClassPathMapperScanner - No MyBatis mapper was found in '[cn.ustc.blog.mapper]' package. Please check your configuration.
2022-04-12 10:13:42.614 [main] WARN  org.apache.catalina.loader.WebappClassLoaderBase - The web application [ROOT] appears to have started a thread named [lettuce-timer-3-1] but has failed to stop it. This is very likely to create a memory leak. Stack trace of thread:
 java.lang.Thread.sleep(Native Method)
 io.netty.util.HashedWheelTimer$Worker.waitForNextTick(HashedWheelTimer.java:600)
 io.netty.util.HashedWheelTimer$Worker.run(HashedWheelTimer.java:496)
 io.netty.util.concurrent.FastThreadLocalRunnable.run(FastThreadLocalRunnable.java:30)
 java.lang.Thread.run(Thread.java:748)
2022-04-12 10:13:42.615 [main] WARN  o.s.b.w.s.c.AnnotationConfigServletWebServerApplicationContext - Exception encountered during context initialization - cancelling refresh attempt: org.springframework.context.ApplicationContextException: Unable to start web server; nested exception is org.springframework.boot.web.server.WebServerException: Unable to start embedded Tomcat
2022-04-12 10:15:11.683 [main] WARN  org.mybatis.spring.mapper.ClassPathMapperScanner - Skipping MapperFactoryBean with name 'sysMenuMapper' and 'cn.ustc.blog.mapper.SysMenuMapper' mapperInterface. Bean already defined with the same name!
2022-04-12 10:15:11.683 [main] WARN  org.mybatis.spring.mapper.ClassPathMapperScanner - Skipping MapperFactoryBean with name 'sysRoleMapper' and 'cn.ustc.blog.mapper.SysRoleMapper' mapperInterface. Bean already defined with the same name!
2022-04-12 10:15:11.683 [main] WARN  org.mybatis.spring.mapper.ClassPathMapperScanner - Skipping MapperFactoryBean with name 'sysRoleMenuMapper' and 'cn.ustc.blog.mapper.SysRoleMenuMapper' mapperInterface. Bean already defined with the same name!
2022-04-12 10:15:11.683 [main] WARN  org.mybatis.spring.mapper.ClassPathMapperScanner - Skipping MapperFactoryBean with name 'sysUserMapper' and 'cn.ustc.blog.mapper.SysUserMapper' mapperInterface. Bean already defined with the same name!
2022-04-12 10:15:11.683 [main] WARN  org.mybatis.spring.mapper.ClassPathMapperScanner - Skipping MapperFactoryBean with name 'sysUserRoleMapper' and 'cn.ustc.blog.mapper.SysUserRoleMapper' mapperInterface. Bean already defined with the same name!
2022-04-12 10:15:11.683 [main] WARN  org.mybatis.spring.mapper.ClassPathMapperScanner - Skipping MapperFactoryBean with name 'userMapper' and 'cn.ustc.blog.mapper.UserMapper' mapperInterface. Bean already defined with the same name!
2022-04-12 10:15:11.684 [main] WARN  org.mybatis.spring.mapper.ClassPathMapperScanner - No MyBatis mapper was found in '[cn.ustc.blog.mapper]' package. Please check your configuration.
2022-04-12 10:15:12.114 [main] WARN  org.apache.catalina.loader.WebappClassLoaderBase - The web application [ROOT] appears to have started a thread named [lettuce-timer-3-1] but has failed to stop it. This is very likely to create a memory leak. Stack trace of thread:
 java.lang.Thread.sleep(Native Method)
 io.netty.util.HashedWheelTimer$Worker.waitForNextTick(HashedWheelTimer.java:600)
 io.netty.util.HashedWheelTimer$Worker.run(HashedWheelTimer.java:496)
 io.netty.util.concurrent.FastThreadLocalRunnable.run(FastThreadLocalRunnable.java:30)
 java.lang.Thread.run(Thread.java:748)
2022-04-12 10:15:12.115 [main] WARN  o.s.b.w.s.c.AnnotationConfigServletWebServerApplicationContext - Exception encountered during context initialization - cancelling refresh attempt: org.springframework.context.ApplicationContextException: Unable to start web server; nested exception is org.springframework.boot.web.server.WebServerException: Unable to start embedded Tomcat
2022-04-12 10:16:12.375 [main] WARN  org.mybatis.spring.mapper.ClassPathMapperScanner - Skipping MapperFactoryBean with name 'sysMenuMapper' and 'cn.ustc.blog.mapper.SysMenuMapper' mapperInterface. Bean already defined with the same name!
2022-04-12 10:16:12.375 [main] WARN  org.mybatis.spring.mapper.ClassPathMapperScanner - Skipping MapperFactoryBean with name 'sysRoleMapper' and 'cn.ustc.blog.mapper.SysRoleMapper' mapperInterface. Bean already defined with the same name!
2022-04-12 10:16:12.375 [main] WARN  org.mybatis.spring.mapper.ClassPathMapperScanner - Skipping MapperFactoryBean with name 'sysRoleMenuMapper' and 'cn.ustc.blog.mapper.SysRoleMenuMapper' mapperInterface. Bean already defined with the same name!
2022-04-12 10:16:12.375 [main] WARN  org.mybatis.spring.mapper.ClassPathMapperScanner - Skipping MapperFactoryBean with name 'sysUserMapper' and 'cn.ustc.blog.mapper.SysUserMapper' mapperInterface. Bean already defined with the same name!
2022-04-12 10:16:12.375 [main] WARN  org.mybatis.spring.mapper.ClassPathMapperScanner - Skipping MapperFactoryBean with name 'sysUserRoleMapper' and 'cn.ustc.blog.mapper.SysUserRoleMapper' mapperInterface. Bean already defined with the same name!
2022-04-12 10:16:12.375 [main] WARN  org.mybatis.spring.mapper.ClassPathMapperScanner - Skipping MapperFactoryBean with name 'userMapper' and 'cn.ustc.blog.mapper.UserMapper' mapperInterface. Bean already defined with the same name!
2022-04-12 10:16:12.375 [main] WARN  org.mybatis.spring.mapper.ClassPathMapperScanner - No MyBatis mapper was found in '[cn.ustc.blog.mapper]' package. Please check your configuration.
2022-04-12 10:16:12.800 [main] WARN  org.apache.catalina.loader.WebappClassLoaderBase - The web application [ROOT] appears to have started a thread named [lettuce-timer-3-1] but has failed to stop it. This is very likely to create a memory leak. Stack trace of thread:
 java.lang.Thread.sleep(Native Method)
 io.netty.util.HashedWheelTimer$Worker.waitForNextTick(HashedWheelTimer.java:600)
 io.netty.util.HashedWheelTimer$Worker.run(HashedWheelTimer.java:496)
 io.netty.util.concurrent.FastThreadLocalRunnable.run(FastThreadLocalRunnable.java:30)
 java.lang.Thread.run(Thread.java:748)
2022-04-12 10:16:12.800 [main] WARN  o.s.b.w.s.c.AnnotationConfigServletWebServerApplicationContext - Exception encountered during context initialization - cancelling refresh attempt: org.springframework.context.ApplicationContextException: Unable to start web server; nested exception is org.springframework.boot.web.server.WebServerException: Unable to start embedded Tomcat
2022-04-12 10:17:01.074 [main] WARN  org.mybatis.spring.mapper.ClassPathMapperScanner - Skipping MapperFactoryBean with name 'sysMenuMapper' and 'cn.ustc.blog.mapper.SysMenuMapper' mapperInterface. Bean already defined with the same name!
2022-04-12 10:17:01.074 [main] WARN  org.mybatis.spring.mapper.ClassPathMapperScanner - Skipping MapperFactoryBean with name 'sysRoleMapper' and 'cn.ustc.blog.mapper.SysRoleMapper' mapperInterface. Bean already defined with the same name!
2022-04-12 10:17:01.074 [main] WARN  org.mybatis.spring.mapper.ClassPathMapperScanner - Skipping MapperFactoryBean with name 'sysRoleMenuMapper' and 'cn.ustc.blog.mapper.SysRoleMenuMapper' mapperInterface. Bean already defined with the same name!
2022-04-12 10:17:01.074 [main] WARN  org.mybatis.spring.mapper.ClassPathMapperScanner - Skipping MapperFactoryBean with name 'sysUserMapper' and 'cn.ustc.blog.mapper.SysUserMapper' mapperInterface. Bean already defined with the same name!
2022-04-12 10:17:01.074 [main] WARN  org.mybatis.spring.mapper.ClassPathMapperScanner - Skipping MapperFactoryBean with name 'sysUserRoleMapper' and 'cn.ustc.blog.mapper.SysUserRoleMapper' mapperInterface. Bean already defined with the same name!
2022-04-12 10:17:01.074 [main] WARN  org.mybatis.spring.mapper.ClassPathMapperScanner - Skipping MapperFactoryBean with name 'userMapper' and 'cn.ustc.blog.mapper.UserMapper' mapperInterface. Bean already defined with the same name!
2022-04-12 10:17:01.074 [main] WARN  org.mybatis.spring.mapper.ClassPathMapperScanner - No MyBatis mapper was found in '[cn.ustc.blog.mapper]' package. Please check your configuration.
2022-04-12 10:18:34.745 [main] WARN  org.mybatis.spring.mapper.ClassPathMapperScanner - Skipping MapperFactoryBean with name 'sysMenuMapper' and 'cn.ustc.blog.mapper.SysMenuMapper' mapperInterface. Bean already defined with the same name!
2022-04-12 10:18:34.745 [main] WARN  org.mybatis.spring.mapper.ClassPathMapperScanner - Skipping MapperFactoryBean with name 'sysRoleMapper' and 'cn.ustc.blog.mapper.SysRoleMapper' mapperInterface. Bean already defined with the same name!
2022-04-12 10:18:34.745 [main] WARN  org.mybatis.spring.mapper.ClassPathMapperScanner - Skipping MapperFactoryBean with name 'sysRoleMenuMapper' and 'cn.ustc.blog.mapper.SysRoleMenuMapper' mapperInterface. Bean already defined with the same name!
2022-04-12 10:18:34.745 [main] WARN  org.mybatis.spring.mapper.ClassPathMapperScanner - Skipping MapperFactoryBean with name 'sysUserMapper' and 'cn.ustc.blog.mapper.SysUserMapper' mapperInterface. Bean already defined with the same name!
2022-04-12 10:18:34.746 [main] WARN  org.mybatis.spring.mapper.ClassPathMapperScanner - Skipping MapperFactoryBean with name 'sysUserRoleMapper' and 'cn.ustc.blog.mapper.SysUserRoleMapper' mapperInterface. Bean already defined with the same name!
2022-04-12 10:18:34.746 [main] WARN  org.mybatis.spring.mapper.ClassPathMapperScanner - Skipping MapperFactoryBean with name 'userMapper' and 'cn.ustc.blog.mapper.UserMapper' mapperInterface. Bean already defined with the same name!
2022-04-12 10:18:34.746 [main] WARN  org.mybatis.spring.mapper.ClassPathMapperScanner - No MyBatis mapper was found in '[cn.ustc.blog.mapper]' package. Please check your configuration.
2022-04-12 10:20:44.275 [main] WARN  org.mybatis.spring.mapper.ClassPathMapperScanner - Skipping MapperFactoryBean with name 'sysMenuMapper' and 'cn.ustc.blog.mapper.SysMenuMapper' mapperInterface. Bean already defined with the same name!
2022-04-12 10:20:44.275 [main] WARN  org.mybatis.spring.mapper.ClassPathMapperScanner - Skipping MapperFactoryBean with name 'sysRoleMapper' and 'cn.ustc.blog.mapper.SysRoleMapper' mapperInterface. Bean already defined with the same name!
2022-04-12 10:20:44.275 [main] WARN  org.mybatis.spring.mapper.ClassPathMapperScanner - Skipping MapperFactoryBean with name 'sysRoleMenuMapper' and 'cn.ustc.blog.mapper.SysRoleMenuMapper' mapperInterface. Bean already defined with the same name!
2022-04-12 10:20:44.276 [main] WARN  org.mybatis.spring.mapper.ClassPathMapperScanner - Skipping MapperFactoryBean with name 'sysUserMapper' and 'cn.ustc.blog.mapper.SysUserMapper' mapperInterface. Bean already defined with the same name!
2022-04-12 10:20:44.276 [main] WARN  org.mybatis.spring.mapper.ClassPathMapperScanner - Skipping MapperFactoryBean with name 'sysUserRoleMapper' and 'cn.ustc.blog.mapper.SysUserRoleMapper' mapperInterface. Bean already defined with the same name!
2022-04-12 10:20:44.276 [main] WARN  org.mybatis.spring.mapper.ClassPathMapperScanner - Skipping MapperFactoryBean with name 'userMapper' and 'cn.ustc.blog.mapper.UserMapper' mapperInterface. Bean already defined with the same name!
2022-04-12 10:20:44.276 [main] WARN  org.mybatis.spring.mapper.ClassPathMapperScanner - No MyBatis mapper was found in '[cn.ustc.blog.mapper]' package. Please check your configuration.
2022-04-12 10:23:31.617 [main] WARN  org.mybatis.spring.mapper.ClassPathMapperScanner - Skipping MapperFactoryBean with name 'sysMenuMapper' and 'cn.ustc.blog.mapper.SysMenuMapper' mapperInterface. Bean already defined with the same name!
2022-04-12 10:23:31.617 [main] WARN  org.mybatis.spring.mapper.ClassPathMapperScanner - Skipping MapperFactoryBean with name 'sysRoleMapper' and 'cn.ustc.blog.mapper.SysRoleMapper' mapperInterface. Bean already defined with the same name!
2022-04-12 10:23:31.618 [main] WARN  org.mybatis.spring.mapper.ClassPathMapperScanner - Skipping MapperFactoryBean with name 'sysRoleMenuMapper' and 'cn.ustc.blog.mapper.SysRoleMenuMapper' mapperInterface. Bean already defined with the same name!
2022-04-12 10:23:31.618 [main] WARN  org.mybatis.spring.mapper.ClassPathMapperScanner - Skipping MapperFactoryBean with name 'sysUserMapper' and 'cn.ustc.blog.mapper.SysUserMapper' mapperInterface. Bean already defined with the same name!
2022-04-12 10:23:31.618 [main] WARN  org.mybatis.spring.mapper.ClassPathMapperScanner - Skipping MapperFactoryBean with name 'sysUserRoleMapper' and 'cn.ustc.blog.mapper.SysUserRoleMapper' mapperInterface. Bean already defined with the same name!
2022-04-12 10:23:31.618 [main] WARN  org.mybatis.spring.mapper.ClassPathMapperScanner - Skipping MapperFactoryBean with name 'userMapper' and 'cn.ustc.blog.mapper.UserMapper' mapperInterface. Bean already defined with the same name!
2022-04-12 10:23:31.618 [main] WARN  org.mybatis.spring.mapper.ClassPathMapperScanner - No MyBatis mapper was found in '[cn.ustc.blog.mapper]' package. Please check your configuration.
2022-04-12 12:04:00.270 [HikariPool-1 housekeeper] WARN  com.zaxxer.hikari.pool.HikariPool - HikariPool-1 - Thread starvation or clock leap detected (housekeeper delta=26m7s452ms).
2022-04-12 12:14:11.792 [HikariPool-1 housekeeper] WARN  com.zaxxer.hikari.pool.HikariPool - HikariPool-1 - Thread starvation or clock leap detected (housekeeper delta=10m11s524ms).
2022-04-12 12:18:32.031 [HikariPool-1 housekeeper] WARN  com.zaxxer.hikari.pool.HikariPool - HikariPool-1 - Thread starvation or clock leap detected (housekeeper delta=3m50s207ms).
2022-04-12 12:32:57.050 [HikariPool-1 housekeeper] WARN  com.zaxxer.hikari.pool.HikariPool - HikariPool-1 - Thread starvation or clock leap detected (housekeeper delta=54s839ms).
2022-04-12 12:39:57.611 [HikariPool-1 housekeeper] WARN  com.zaxxer.hikari.pool.HikariPool - HikariPool-1 - Thread starvation or clock leap detected (housekeeper delta=7m561ms).
2022-04-12 12:44:46.434 [main] WARN  org.mybatis.spring.mapper.ClassPathMapperScanner - Skipping MapperFactoryBean with name 'sysMenuMapper' and 'cn.ustc.blog.mapper.SysMenuMapper' mapperInterface. Bean already defined with the same name!
2022-04-12 12:44:46.434 [main] WARN  org.mybatis.spring.mapper.ClassPathMapperScanner - Skipping MapperFactoryBean with name 'sysRoleMapper' and 'cn.ustc.blog.mapper.SysRoleMapper' mapperInterface. Bean already defined with the same name!
2022-04-12 12:44:46.435 [main] WARN  org.mybatis.spring.mapper.ClassPathMapperScanner - Skipping MapperFactoryBean with name 'sysRoleMenuMapper' and 'cn.ustc.blog.mapper.SysRoleMenuMapper' mapperInterface. Bean already defined with the same name!
2022-04-12 12:44:46.435 [main] WARN  org.mybatis.spring.mapper.ClassPathMapperScanner - Skipping MapperFactoryBean with name 'sysUserMapper' and 'cn.ustc.blog.mapper.SysUserMapper' mapperInterface. Bean already defined with the same name!
2022-04-12 12:44:46.435 [main] WARN  org.mybatis.spring.mapper.ClassPathMapperScanner - Skipping MapperFactoryBean with name 'sysUserRoleMapper' and 'cn.ustc.blog.mapper.SysUserRoleMapper' mapperInterface. Bean already defined with the same name!
2022-04-12 12:44:46.435 [main] WARN  org.mybatis.spring.mapper.ClassPathMapperScanner - Skipping MapperFactoryBean with name 'userMapper' and 'cn.ustc.blog.mapper.UserMapper' mapperInterface. Bean already defined with the same name!
2022-04-12 12:44:46.435 [main] WARN  org.mybatis.spring.mapper.ClassPathMapperScanner - No MyBatis mapper was found in '[cn.ustc.blog.mapper]' package. Please check your configuration.
2022-04-12 13:00:18.310 [main] WARN  org.mybatis.spring.mapper.ClassPathMapperScanner - Skipping MapperFactoryBean with name 'sysMenuMapper' and 'cn.ustc.blog.mapper.SysMenuMapper' mapperInterface. Bean already defined with the same name!
2022-04-12 13:00:18.310 [main] WARN  org.mybatis.spring.mapper.ClassPathMapperScanner - Skipping MapperFactoryBean with name 'sysRoleMapper' and 'cn.ustc.blog.mapper.SysRoleMapper' mapperInterface. Bean already defined with the same name!
2022-04-12 13:00:18.310 [main] WARN  org.mybatis.spring.mapper.ClassPathMapperScanner - Skipping MapperFactoryBean with name 'sysRoleMenuMapper' and 'cn.ustc.blog.mapper.SysRoleMenuMapper' mapperInterface. Bean already defined with the same name!
2022-04-12 13:00:18.310 [main] WARN  org.mybatis.spring.mapper.ClassPathMapperScanner - Skipping MapperFactoryBean with name 'sysUserMapper' and 'cn.ustc.blog.mapper.SysUserMapper' mapperInterface. Bean already defined with the same name!
2022-04-12 13:00:18.310 [main] WARN  org.mybatis.spring.mapper.ClassPathMapperScanner - Skipping MapperFactoryBean with name 'sysUserRoleMapper' and 'cn.ustc.blog.mapper.SysUserRoleMapper' mapperInterface. Bean already defined with the same name!
2022-04-12 13:00:18.310 [main] WARN  org.mybatis.spring.mapper.ClassPathMapperScanner - Skipping MapperFactoryBean with name 'userMapper' and 'cn.ustc.blog.mapper.UserMapper' mapperInterface. Bean already defined with the same name!
2022-04-12 13:00:18.311 [main] WARN  org.mybatis.spring.mapper.ClassPathMapperScanner - No MyBatis mapper was found in '[cn.ustc.blog.mapper]' package. Please check your configuration.
2022-04-12 13:00:28.496 [main] WARN  org.mybatis.spring.mapper.ClassPathMapperScanner - Skipping MapperFactoryBean with name 'sysMenuMapper' and 'cn.ustc.blog.mapper.SysMenuMapper' mapperInterface. Bean already defined with the same name!
2022-04-12 13:00:28.496 [main] WARN  org.mybatis.spring.mapper.ClassPathMapperScanner - Skipping MapperFactoryBean with name 'sysRoleMapper' and 'cn.ustc.blog.mapper.SysRoleMapper' mapperInterface. Bean already defined with the same name!
2022-04-12 13:00:28.496 [main] WARN  org.mybatis.spring.mapper.ClassPathMapperScanner - Skipping MapperFactoryBean with name 'sysRoleMenuMapper' and 'cn.ustc.blog.mapper.SysRoleMenuMapper' mapperInterface. Bean already defined with the same name!
2022-04-12 13:00:28.496 [main] WARN  org.mybatis.spring.mapper.ClassPathMapperScanner - Skipping MapperFactoryBean with name 'sysUserMapper' and 'cn.ustc.blog.mapper.SysUserMapper' mapperInterface. Bean already defined with the same name!
2022-04-12 13:00:28.496 [main] WARN  org.mybatis.spring.mapper.ClassPathMapperScanner - Skipping MapperFactoryBean with name 'sysUserRoleMapper' and 'cn.ustc.blog.mapper.SysUserRoleMapper' mapperInterface. Bean already defined with the same name!
2022-04-12 13:00:28.496 [main] WARN  org.mybatis.spring.mapper.ClassPathMapperScanner - Skipping MapperFactoryBean with name 'userMapper' and 'cn.ustc.blog.mapper.UserMapper' mapperInterface. Bean already defined with the same name!
2022-04-12 13:00:28.496 [main] WARN  org.mybatis.spring.mapper.ClassPathMapperScanner - No MyBatis mapper was found in '[cn.ustc.blog.mapper]' package. Please check your configuration.
2022-04-12 13:14:11.455 [HikariPool-1 housekeeper] WARN  com.zaxxer.hikari.pool.HikariPool - HikariPool-1 - Thread starvation or clock leap detected (housekeeper delta=1m48s160ms).
2022-04-12 13:30:49.416 [HikariPool-1 housekeeper] WARN  com.zaxxer.hikari.pool.HikariPool - HikariPool-1 - Thread starvation or clock leap detected (housekeeper delta=16m37s963ms).
2022-04-12 14:18:25.827 [HikariPool-1 housekeeper] WARN  com.zaxxer.hikari.pool.HikariPool - HikariPool-1 - Thread starvation or clock leap detected (housekeeper delta=47m36s408ms).
2022-04-12 14:53:49.599 [HikariPool-1 housekeeper] WARN  com.zaxxer.hikari.pool.HikariPool - HikariPool-1 - Thread starvation or clock leap detected (housekeeper delta=35m23s775ms).
2022-04-12 15:10:13.063 [HikariPool-1 housekeeper] WARN  com.zaxxer.hikari.pool.HikariPool - HikariPool-1 - Thread starvation or clock leap detected (housekeeper delta=16m23s463ms).
2022-04-12 15:15:18.519 [HikariPool-1 housekeeper] WARN  com.zaxxer.hikari.pool.HikariPool - HikariPool-1 - Thread starvation or clock leap detected (housekeeper delta=5m5s457ms).
2022-04-12 18:08:26.192 [HikariPool-1 housekeeper] WARN  com.zaxxer.hikari.pool.HikariPool - HikariPool-1 - Thread starvation or clock leap detected (housekeeper delta=16m6s665ms).
2022-04-12 18:27:33.441 [HikariPool-1 housekeeper] WARN  com.zaxxer.hikari.pool.HikariPool - HikariPool-1 - Thread starvation or clock leap detected (housekeeper delta=18m7s219ms).
2022-04-12 18:41:29.667 [HikariPool-1 housekeeper] WARN  com.zaxxer.hikari.pool.HikariPool - HikariPool-1 - Thread starvation or clock leap detected (housekeeper delta=13m56s228ms).
2022-04-12 19:39:50.573 [main] WARN  org.mybatis.spring.mapper.ClassPathMapperScanner - Skipping MapperFactoryBean with name 'sysMenuMapper' and 'cn.ustc.blog.mapper.SysMenuMapper' mapperInterface. Bean already defined with the same name!
2022-04-12 19:39:50.574 [main] WARN  org.mybatis.spring.mapper.ClassPathMapperScanner - Skipping MapperFactoryBean with name 'sysRoleMapper' and 'cn.ustc.blog.mapper.SysRoleMapper' mapperInterface. Bean already defined with the same name!
2022-04-12 19:39:50.574 [main] WARN  org.mybatis.spring.mapper.ClassPathMapperScanner - Skipping MapperFactoryBean with name 'sysRoleMenuMapper' and 'cn.ustc.blog.mapper.SysRoleMenuMapper' mapperInterface. Bean already defined with the same name!
2022-04-12 19:39:50.574 [main] WARN  org.mybatis.spring.mapper.ClassPathMapperScanner - Skipping MapperFactoryBean with name 'sysUserMapper' and 'cn.ustc.blog.mapper.SysUserMapper' mapperInterface. Bean already defined with the same name!
2022-04-12 19:39:50.574 [main] WARN  org.mybatis.spring.mapper.ClassPathMapperScanner - Skipping MapperFactoryBean with name 'sysUserRoleMapper' and 'cn.ustc.blog.mapper.SysUserRoleMapper' mapperInterface. Bean already defined with the same name!
2022-04-12 19:39:50.574 [main] WARN  org.mybatis.spring.mapper.ClassPathMapperScanner - Skipping MapperFactoryBean with name 'userMapper' and 'cn.ustc.blog.mapper.UserMapper' mapperInterface. Bean already defined with the same name!
2022-04-12 19:39:50.574 [main] WARN  org.mybatis.spring.mapper.ClassPathMapperScanner - No MyBatis mapper was found in '[cn.ustc.blog.mapper]' package. Please check your configuration.
2022-04-12 19:46:25.718 [main] WARN  org.mybatis.spring.mapper.ClassPathMapperScanner - Skipping MapperFactoryBean with name 'sysMenuMapper' and 'cn.ustc.blog.mapper.SysMenuMapper' mapperInterface. Bean already defined with the same name!
2022-04-12 19:46:25.718 [main] WARN  org.mybatis.spring.mapper.ClassPathMapperScanner - Skipping MapperFactoryBean with name 'sysRoleMapper' and 'cn.ustc.blog.mapper.SysRoleMapper' mapperInterface. Bean already defined with the same name!
2022-04-12 19:46:25.718 [main] WARN  org.mybatis.spring.mapper.ClassPathMapperScanner - Skipping MapperFactoryBean with name 'sysRoleMenuMapper' and 'cn.ustc.blog.mapper.SysRoleMenuMapper' mapperInterface. Bean already defined with the same name!
2022-04-12 19:46:25.718 [main] WARN  org.mybatis.spring.mapper.ClassPathMapperScanner - Skipping MapperFactoryBean with name 'sysUserMapper' and 'cn.ustc.blog.mapper.SysUserMapper' mapperInterface. Bean already defined with the same name!
2022-04-12 19:46:25.718 [main] WARN  org.mybatis.spring.mapper.ClassPathMapperScanner - Skipping MapperFactoryBean with name 'sysUserRoleMapper' and 'cn.ustc.blog.mapper.SysUserRoleMapper' mapperInterface. Bean already defined with the same name!
2022-04-12 19:46:25.718 [main] WARN  org.mybatis.spring.mapper.ClassPathMapperScanner - Skipping MapperFactoryBean with name 'userMapper' and 'cn.ustc.blog.mapper.UserMapper' mapperInterface. Bean already defined with the same name!
2022-04-12 19:46:25.718 [main] WARN  org.mybatis.spring.mapper.ClassPathMapperScanner - No MyBatis mapper was found in '[cn.ustc.blog.mapper]' package. Please check your configuration.
2022-04-12 20:17:25.047 [main] WARN  org.mybatis.spring.mapper.ClassPathMapperScanner - Skipping MapperFactoryBean with name 'sysMenuMapper' and 'cn.ustc.blog.mapper.SysMenuMapper' mapperInterface. Bean already defined with the same name!
2022-04-12 20:17:25.047 [main] WARN  org.mybatis.spring.mapper.ClassPathMapperScanner - Skipping MapperFactoryBean with name 'sysRoleMapper' and 'cn.ustc.blog.mapper.SysRoleMapper' mapperInterface. Bean already defined with the same name!
2022-04-12 20:17:25.047 [main] WARN  org.mybatis.spring.mapper.ClassPathMapperScanner - Skipping MapperFactoryBean with name 'sysRoleMenuMapper' and 'cn.ustc.blog.mapper.SysRoleMenuMapper' mapperInterface. Bean already defined with the same name!
2022-04-12 20:17:25.047 [main] WARN  org.mybatis.spring.mapper.ClassPathMapperScanner - Skipping MapperFactoryBean with name 'sysUserMapper' and 'cn.ustc.blog.mapper.SysUserMapper' mapperInterface. Bean already defined with the same name!
2022-04-12 20:17:25.048 [main] WARN  org.mybatis.spring.mapper.ClassPathMapperScanner - Skipping MapperFactoryBean with name 'sysUserRoleMapper' and 'cn.ustc.blog.mapper.SysUserRoleMapper' mapperInterface. Bean already defined with the same name!
2022-04-12 20:17:25.048 [main] WARN  org.mybatis.spring.mapper.ClassPathMapperScanner - Skipping MapperFactoryBean with name 'userMapper' and 'cn.ustc.blog.mapper.UserMapper' mapperInterface. Bean already defined with the same name!
2022-04-12 20:17:25.048 [main] WARN  org.mybatis.spring.mapper.ClassPathMapperScanner - No MyBatis mapper was found in '[cn.ustc.blog.mapper]' package. Please check your configuration.
2022-04-12 20:18:08.095 [main] WARN  org.mybatis.spring.mapper.ClassPathMapperScanner - Skipping MapperFactoryBean with name 'sysMenuMapper' and 'cn.ustc.blog.mapper.SysMenuMapper' mapperInterface. Bean already defined with the same name!
2022-04-12 20:18:08.095 [main] WARN  org.mybatis.spring.mapper.ClassPathMapperScanner - Skipping MapperFactoryBean with name 'sysRoleMapper' and 'cn.ustc.blog.mapper.SysRoleMapper' mapperInterface. Bean already defined with the same name!
2022-04-12 20:18:08.095 [main] WARN  org.mybatis.spring.mapper.ClassPathMapperScanner - Skipping MapperFactoryBean with name 'sysRoleMenuMapper' and 'cn.ustc.blog.mapper.SysRoleMenuMapper' mapperInterface. Bean already defined with the same name!
2022-04-12 20:18:08.095 [main] WARN  org.mybatis.spring.mapper.ClassPathMapperScanner - Skipping MapperFactoryBean with name 'sysUserMapper' and 'cn.ustc.blog.mapper.SysUserMapper' mapperInterface. Bean already defined with the same name!
2022-04-12 20:18:08.095 [main] WARN  org.mybatis.spring.mapper.ClassPathMapperScanner - Skipping MapperFactoryBean with name 'sysUserRoleMapper' and 'cn.ustc.blog.mapper.SysUserRoleMapper' mapperInterface. Bean already defined with the same name!
2022-04-12 20:18:08.096 [main] WARN  org.mybatis.spring.mapper.ClassPathMapperScanner - Skipping MapperFactoryBean with name 'userMapper' and 'cn.ustc.blog.mapper.UserMapper' mapperInterface. Bean already defined with the same name!
2022-04-12 20:18:08.096 [main] WARN  org.mybatis.spring.mapper.ClassPathMapperScanner - No MyBatis mapper was found in '[cn.ustc.blog.mapper]' package. Please check your configuration.
2022-04-12 20:18:54.864 [main] WARN  org.mybatis.spring.mapper.ClassPathMapperScanner - Skipping MapperFactoryBean with name 'sysMenuMapper' and 'cn.ustc.blog.mapper.SysMenuMapper' mapperInterface. Bean already defined with the same name!
2022-04-12 20:18:54.865 [main] WARN  org.mybatis.spring.mapper.ClassPathMapperScanner - Skipping MapperFactoryBean with name 'sysRoleMapper' and 'cn.ustc.blog.mapper.SysRoleMapper' mapperInterface. Bean already defined with the same name!
2022-04-12 20:18:54.865 [main] WARN  org.mybatis.spring.mapper.ClassPathMapperScanner - Skipping MapperFactoryBean with name 'sysRoleMenuMapper' and 'cn.ustc.blog.mapper.SysRoleMenuMapper' mapperInterface. Bean already defined with the same name!
2022-04-12 20:18:54.865 [main] WARN  org.mybatis.spring.mapper.ClassPathMapperScanner - Skipping MapperFactoryBean with name 'sysUserMapper' and 'cn.ustc.blog.mapper.SysUserMapper' mapperInterface. Bean already defined with the same name!
2022-04-12 20:18:54.865 [main] WARN  org.mybatis.spring.mapper.ClassPathMapperScanner - Skipping MapperFactoryBean with name 'sysUserRoleMapper' and 'cn.ustc.blog.mapper.SysUserRoleMapper' mapperInterface. Bean already defined with the same name!
2022-04-12 20:18:54.865 [main] WARN  org.mybatis.spring.mapper.ClassPathMapperScanner - Skipping MapperFactoryBean with name 'userMapper' and 'cn.ustc.blog.mapper.UserMapper' mapperInterface. Bean already defined with the same name!
2022-04-12 20:18:54.865 [main] WARN  org.mybatis.spring.mapper.ClassPathMapperScanner - No MyBatis mapper was found in '[cn.ustc.blog.mapper]' package. Please check your configuration.
2022-04-12 21:11:41.078 [lettuce-nioEventLoop-4-2] WARN  io.lettuce.core.protocol.ConnectionWatchdog - Cannot reconnect to [127.0.0.1:6379]: Connection refused: /127.0.0.1:6379
2022-04-12 21:11:50.128 [lettuce-nioEventLoop-4-6] WARN  io.lettuce.core.protocol.ConnectionWatchdog - Cannot reconnect to [127.0.0.1:6379]: Connection refused: /127.0.0.1:6379
2022-04-12 21:19:44.548 [main] WARN  org.mybatis.spring.mapper.ClassPathMapperScanner - Skipping MapperFactoryBean with name 'sysMenuMapper' and 'cn.ustc.blog.mapper.SysMenuMapper' mapperInterface. Bean already defined with the same name!
2022-04-12 21:19:44.548 [main] WARN  org.mybatis.spring.mapper.ClassPathMapperScanner - Skipping MapperFactoryBean with name 'sysRoleMapper' and 'cn.ustc.blog.mapper.SysRoleMapper' mapperInterface. Bean already defined with the same name!
2022-04-12 21:19:44.548 [main] WARN  org.mybatis.spring.mapper.ClassPathMapperScanner - Skipping MapperFactoryBean with name 'sysRoleMenuMapper' and 'cn.ustc.blog.mapper.SysRoleMenuMapper' mapperInterface. Bean already defined with the same name!
2022-04-12 21:19:44.548 [main] WARN  org.mybatis.spring.mapper.ClassPathMapperScanner - Skipping MapperFactoryBean with name 'sysUserMapper' and 'cn.ustc.blog.mapper.SysUserMapper' mapperInterface. Bean already defined with the same name!
2022-04-12 21:19:44.548 [main] WARN  org.mybatis.spring.mapper.ClassPathMapperScanner - Skipping MapperFactoryBean with name 'sysUserRoleMapper' and 'cn.ustc.blog.mapper.SysUserRoleMapper' mapperInterface. Bean already defined with the same name!
2022-04-12 21:19:44.548 [main] WARN  org.mybatis.spring.mapper.ClassPathMapperScanner - Skipping MapperFactoryBean with name 'userMapper' and 'cn.ustc.blog.mapper.UserMapper' mapperInterface. Bean already defined with the same name!
2022-04-12 21:19:44.548 [main] WARN  org.mybatis.spring.mapper.ClassPathMapperScanner - No MyBatis mapper was found in '[cn.ustc.blog.mapper]' package. Please check your configuration.
2022-04-12 22:20:56.652 [main] WARN  org.mybatis.spring.mapper.ClassPathMapperScanner - Skipping MapperFactoryBean with name 'sysMenuMapper' and 'cn.ustc.blog.mapper.SysMenuMapper' mapperInterface. Bean already defined with the same name!
2022-04-12 22:20:56.652 [main] WARN  org.mybatis.spring.mapper.ClassPathMapperScanner - Skipping MapperFactoryBean with name 'sysRoleMapper' and 'cn.ustc.blog.mapper.SysRoleMapper' mapperInterface. Bean already defined with the same name!
2022-04-12 22:20:56.652 [main] WARN  org.mybatis.spring.mapper.ClassPathMapperScanner - Skipping MapperFactoryBean with name 'sysRoleMenuMapper' and 'cn.ustc.blog.mapper.SysRoleMenuMapper' mapperInterface. Bean already defined with the same name!
2022-04-12 22:20:56.652 [main] WARN  org.mybatis.spring.mapper.ClassPathMapperScanner - Skipping MapperFactoryBean with name 'sysUserMapper' and 'cn.ustc.blog.mapper.SysUserMapper' mapperInterface. Bean already defined with the same name!
2022-04-12 22:20:56.652 [main] WARN  org.mybatis.spring.mapper.ClassPathMapperScanner - Skipping MapperFactoryBean with name 'sysUserRoleMapper' and 'cn.ustc.blog.mapper.SysUserRoleMapper' mapperInterface. Bean already defined with the same name!
2022-04-12 22:20:56.652 [main] WARN  org.mybatis.spring.mapper.ClassPathMapperScanner - Skipping MapperFactoryBean with name 'userMapper' and 'cn.ustc.blog.mapper.UserMapper' mapperInterface. Bean already defined with the same name!
2022-04-12 22:20:56.652 [main] WARN  org.mybatis.spring.mapper.ClassPathMapperScanner - No MyBatis mapper was found in '[cn.ustc.blog.mapper]' package. Please check your configuration.
2022-04-12 22:29:20.605 [main] WARN  org.mybatis.spring.mapper.ClassPathMapperScanner - Skipping MapperFactoryBean with name 'sysMenuMapper' and 'cn.ustc.blog.mapper.SysMenuMapper' mapperInterface. Bean already defined with the same name!
2022-04-12 22:29:20.606 [main] WARN  org.mybatis.spring.mapper.ClassPathMapperScanner - Skipping MapperFactoryBean with name 'sysRoleMapper' and 'cn.ustc.blog.mapper.SysRoleMapper' mapperInterface. Bean already defined with the same name!
2022-04-12 22:29:20.606 [main] WARN  org.mybatis.spring.mapper.ClassPathMapperScanner - Skipping MapperFactoryBean with name 'sysRoleMenuMapper' and 'cn.ustc.blog.mapper.SysRoleMenuMapper' mapperInterface. Bean already defined with the same name!
2022-04-12 22:29:20.606 [main] WARN  org.mybatis.spring.mapper.ClassPathMapperScanner - Skipping MapperFactoryBean with name 'sysUserMapper' and 'cn.ustc.blog.mapper.SysUserMapper' mapperInterface. Bean already defined with the same name!
2022-04-12 22:29:20.606 [main] WARN  org.mybatis.spring.mapper.ClassPathMapperScanner - Skipping MapperFactoryBean with name 'sysUserRoleMapper' and 'cn.ustc.blog.mapper.SysUserRoleMapper' mapperInterface. Bean already defined with the same name!
2022-04-12 22:29:20.606 [main] WARN  org.mybatis.spring.mapper.ClassPathMapperScanner - Skipping MapperFactoryBean with name 'userMapper' and 'cn.ustc.blog.mapper.UserMapper' mapperInterface. Bean already defined with the same name!
2022-04-12 22:29:20.606 [main] WARN  org.mybatis.spring.mapper.ClassPathMapperScanner - No MyBatis mapper was found in '[cn.ustc.blog.mapper]' package. Please check your configuration.
2022-04-12 22:35:12.968 [main] WARN  org.mybatis.spring.mapper.ClassPathMapperScanner - Skipping MapperFactoryBean with name 'sysMenuMapper' and 'cn.ustc.blog.mapper.SysMenuMapper' mapperInterface. Bean already defined with the same name!
2022-04-12 22:35:12.968 [main] WARN  org.mybatis.spring.mapper.ClassPathMapperScanner - Skipping MapperFactoryBean with name 'sysRoleMapper' and 'cn.ustc.blog.mapper.SysRoleMapper' mapperInterface. Bean already defined with the same name!
2022-04-12 22:35:12.968 [main] WARN  org.mybatis.spring.mapper.ClassPathMapperScanner - Skipping MapperFactoryBean with name 'sysRoleMenuMapper' and 'cn.ustc.blog.mapper.SysRoleMenuMapper' mapperInterface. Bean already defined with the same name!
2022-04-12 22:35:12.968 [main] WARN  org.mybatis.spring.mapper.ClassPathMapperScanner - Skipping MapperFactoryBean with name 'sysUserMapper' and 'cn.ustc.blog.mapper.SysUserMapper' mapperInterface. Bean already defined with the same name!
2022-04-12 22:35:12.968 [main] WARN  org.mybatis.spring.mapper.ClassPathMapperScanner - Skipping MapperFactoryBean with name 'sysUserRoleMapper' and 'cn.ustc.blog.mapper.SysUserRoleMapper' mapperInterface. Bean already defined with the same name!
2022-04-12 22:35:12.968 [main] WARN  org.mybatis.spring.mapper.ClassPathMapperScanner - Skipping MapperFactoryBean with name 'userMapper' and 'cn.ustc.blog.mapper.UserMapper' mapperInterface. Bean already defined with the same name!
2022-04-12 22:35:12.968 [main] WARN  org.mybatis.spring.mapper.ClassPathMapperScanner - No MyBatis mapper was found in '[cn.ustc.blog.mapper]' package. Please check your configuration.
2022-04-12 22:53:13.805 [main] WARN  org.mybatis.spring.mapper.ClassPathMapperScanner - Skipping MapperFactoryBean with name 'sysMenuMapper' and 'cn.ustc.blog.mapper.SysMenuMapper' mapperInterface. Bean already defined with the same name!
2022-04-12 22:53:13.805 [main] WARN  org.mybatis.spring.mapper.ClassPathMapperScanner - Skipping MapperFactoryBean with name 'sysRoleMapper' and 'cn.ustc.blog.mapper.SysRoleMapper' mapperInterface. Bean already defined with the same name!
2022-04-12 22:53:13.805 [main] WARN  org.mybatis.spring.mapper.ClassPathMapperScanner - Skipping MapperFactoryBean with name 'sysRoleMenuMapper' and 'cn.ustc.blog.mapper.SysRoleMenuMapper' mapperInterface. Bean already defined with the same name!
2022-04-12 22:53:13.805 [main] WARN  org.mybatis.spring.mapper.ClassPathMapperScanner - Skipping MapperFactoryBean with name 'sysUserMapper' and 'cn.ustc.blog.mapper.SysUserMapper' mapperInterface. Bean already defined with the same name!
2022-04-12 22:53:13.805 [main] WARN  org.mybatis.spring.mapper.ClassPathMapperScanner - Skipping MapperFactoryBean with name 'sysUserRoleMapper' and 'cn.ustc.blog.mapper.SysUserRoleMapper' mapperInterface. Bean already defined with the same name!
2022-04-12 22:53:13.805 [main] WARN  org.mybatis.spring.mapper.ClassPathMapperScanner - Skipping MapperFactoryBean with name 'userMapper' and 'cn.ustc.blog.mapper.UserMapper' mapperInterface. Bean already defined with the same name!
2022-04-12 22:53:13.805 [main] WARN  org.mybatis.spring.mapper.ClassPathMapperScanner - No MyBatis mapper was found in '[cn.ustc.blog.mapper]' package. Please check your configuration.
2022-04-12 23:11:13.792 [HikariPool-1 housekeeper] WARN  com.zaxxer.hikari.pool.HikariPool - HikariPool-1 - Thread starvation or clock leap detected (housekeeper delta=9m20s758ms).
