2022-04-30 15:23:59.031 [main] WARN  org.mybatis.spring.mapper.ClassPathMapperScanner - Skipping MapperFactoryBean with name 'MBlogMapper' and 'cn.ustc.blog.mapper.MBlogMapper' mapperInterface. Bean already defined with the same name!
2022-04-30 15:23:59.031 [main] WARN  org.mybatis.spring.mapper.ClassPathMapperScanner - Skipping MapperFactoryBean with name 'sysMenuMapper' and 'cn.ustc.blog.mapper.SysMenuMapper' mapperInterface. Bean already defined with the same name!
2022-04-30 15:23:59.031 [main] WARN  org.mybatis.spring.mapper.ClassPathMapperScanner - Skipping MapperFactoryBean with name 'sysRoleMapper' and 'cn.ustc.blog.mapper.SysRoleMapper' mapperInterface. Bean already defined with the same name!
2022-04-30 15:23:59.031 [main] WARN  org.mybatis.spring.mapper.ClassPathMapperScanner - Skipping MapperFactoryBean with name 'sysRoleMenuMapper' and 'cn.ustc.blog.mapper.SysRoleMenuMapper' mapperInterface. Bean already defined with the same name!
2022-04-30 15:23:59.031 [main] WARN  org.mybatis.spring.mapper.ClassPathMapperScanner - Skipping MapperFactoryBean with name 'sysUserMapper' and 'cn.ustc.blog.mapper.SysUserMapper' mapperInterface. Bean already defined with the same name!
2022-04-30 15:23:59.031 [main] WARN  org.mybatis.spring.mapper.ClassPathMapperScanner - Skipping MapperFactoryBean with name 'sysUserRoleMapper' and 'cn.ustc.blog.mapper.SysUserRoleMapper' mapperInterface. Bean already defined with the same name!
2022-04-30 15:23:59.032 [main] WARN  org.mybatis.spring.mapper.ClassPathMapperScanner - Skipping MapperFactoryBean with name 'userMapper' and 'cn.ustc.blog.mapper.UserMapper' mapperInterface. Bean already defined with the same name!
2022-04-30 15:23:59.032 [main] WARN  org.mybatis.spring.mapper.ClassPathMapperScanner - No MyBatis mapper was found in '[cn.ustc.blog.mapper]' package. Please check your configuration.
2022-04-30 15:25:23.010 [main] WARN  org.mybatis.spring.mapper.ClassPathMapperScanner - Skipping MapperFactoryBean with name 'MBlogMapper' and 'cn.ustc.blog.mapper.MBlogMapper' mapperInterface. Bean already defined with the same name!
2022-04-30 15:25:23.010 [main] WARN  org.mybatis.spring.mapper.ClassPathMapperScanner - Skipping MapperFactoryBean with name 'sysMenuMapper' and 'cn.ustc.blog.mapper.SysMenuMapper' mapperInterface. Bean already defined with the same name!
2022-04-30 15:25:23.011 [main] WARN  org.mybatis.spring.mapper.ClassPathMapperScanner - Skipping MapperFactoryBean with name 'sysRoleMapper' and 'cn.ustc.blog.mapper.SysRoleMapper' mapperInterface. Bean already defined with the same name!
2022-04-30 15:25:23.011 [main] WARN  org.mybatis.spring.mapper.ClassPathMapperScanner - Skipping MapperFactoryBean with name 'sysRoleMenuMapper' and 'cn.ustc.blog.mapper.SysRoleMenuMapper' mapperInterface. Bean already defined with the same name!
2022-04-30 15:25:23.011 [main] WARN  org.mybatis.spring.mapper.ClassPathMapperScanner - Skipping MapperFactoryBean with name 'sysUserMapper' and 'cn.ustc.blog.mapper.SysUserMapper' mapperInterface. Bean already defined with the same name!
2022-04-30 15:25:23.011 [main] WARN  org.mybatis.spring.mapper.ClassPathMapperScanner - Skipping MapperFactoryBean with name 'sysUserRoleMapper' and 'cn.ustc.blog.mapper.SysUserRoleMapper' mapperInterface. Bean already defined with the same name!
2022-04-30 15:25:23.011 [main] WARN  org.mybatis.spring.mapper.ClassPathMapperScanner - Skipping MapperFactoryBean with name 'userMapper' and 'cn.ustc.blog.mapper.UserMapper' mapperInterface. Bean already defined with the same name!
2022-04-30 15:25:23.011 [main] WARN  org.mybatis.spring.mapper.ClassPathMapperScanner - No MyBatis mapper was found in '[cn.ustc.blog.mapper]' package. Please check your configuration.
2022-04-30 15:30:42.646 [main] WARN  org.mybatis.spring.mapper.ClassPathMapperScanner - Skipping MapperFactoryBean with name 'MBlogMapper' and 'cn.ustc.blog.mapper.MBlogMapper' mapperInterface. Bean already defined with the same name!
2022-04-30 15:30:42.647 [main] WARN  org.mybatis.spring.mapper.ClassPathMapperScanner - Skipping MapperFactoryBean with name 'sysMenuMapper' and 'cn.ustc.blog.mapper.SysMenuMapper' mapperInterface. Bean already defined with the same name!
2022-04-30 15:30:42.647 [main] WARN  org.mybatis.spring.mapper.ClassPathMapperScanner - Skipping MapperFactoryBean with name 'sysRoleMapper' and 'cn.ustc.blog.mapper.SysRoleMapper' mapperInterface. Bean already defined with the same name!
2022-04-30 15:30:42.647 [main] WARN  org.mybatis.spring.mapper.ClassPathMapperScanner - Skipping MapperFactoryBean with name 'sysRoleMenuMapper' and 'cn.ustc.blog.mapper.SysRoleMenuMapper' mapperInterface. Bean already defined with the same name!
2022-04-30 15:30:42.647 [main] WARN  org.mybatis.spring.mapper.ClassPathMapperScanner - Skipping MapperFactoryBean with name 'sysUserMapper' and 'cn.ustc.blog.mapper.SysUserMapper' mapperInterface. Bean already defined with the same name!
2022-04-30 15:30:42.647 [main] WARN  org.mybatis.spring.mapper.ClassPathMapperScanner - Skipping MapperFactoryBean with name 'sysUserRoleMapper' and 'cn.ustc.blog.mapper.SysUserRoleMapper' mapperInterface. Bean already defined with the same name!
2022-04-30 15:30:42.647 [main] WARN  org.mybatis.spring.mapper.ClassPathMapperScanner - Skipping MapperFactoryBean with name 'userMapper' and 'cn.ustc.blog.mapper.UserMapper' mapperInterface. Bean already defined with the same name!
2022-04-30 15:30:42.647 [main] WARN  org.mybatis.spring.mapper.ClassPathMapperScanner - No MyBatis mapper was found in '[cn.ustc.blog.mapper]' package. Please check your configuration.
2022-04-30 16:14:34.439 [HikariPool-1 housekeeper] WARN  com.zaxxer.hikari.pool.HikariPool - HikariPool-1 - Retrograde clock change detected (housekeeper delta=29s820ms), soft-evicting connections from pool.
2022-04-30 18:00:10.439 [HikariPool-1 housekeeper] WARN  com.zaxxer.hikari.pool.HikariPool - HikariPool-1 - Thread starvation or clock leap detected (housekeeper delta=18m5s425ms).
2022-04-30 18:26:46.539 [HikariPool-1 housekeeper] WARN  com.zaxxer.hikari.pool.HikariPool - HikariPool-1 - Thread starvation or clock leap detected (housekeeper delta=26m36s100ms).
