2022-04-13 00:05:07.909 [HikariPool-1 housekeeper] WARN  com.zaxxer.hikari.pool.HikariPool - HikariPool-1 - Thread starvation or clock leap detected (housekeeper delta=9m53s682ms).
2022-04-13 00:44:07.997 [HikariPool-1 housekeeper] WARN  com.zaxxer.hikari.pool.HikariPool - HikariPool-1 - Retrograde clock change detected (housekeeper delta=29s840ms), soft-evicting connections from pool.
2022-04-13 01:34:50.305 [HikariPool-1 housekeeper] WARN  com.zaxxer.hikari.pool.HikariPool - HikariPool-1 - Thread starvation or clock leap detected (housekeeper delta=50m42s308ms).
2022-04-13 03:13:42.329 [HikariPool-1 housekeeper] WARN  com.zaxxer.hikari.pool.HikariPool - HikariPool-1 - Thread starvation or clock leap detected (housekeeper delta=1h38m52s24ms).
2022-04-13 04:52:41.466 [HikariPool-1 housekeeper] WARN  com.zaxxer.hikari.pool.HikariPool - HikariPool-1 - Thread starvation or clock leap detected (housekeeper delta=1h38m59s137ms).
2022-04-13 06:16:57.851 [HikariPool-1 housekeeper] WARN  com.zaxxer.hikari.pool.HikariPool - HikariPool-1 - Thread starvation or clock leap detected (housekeeper delta=1h24m16s385ms).
2022-04-13 07:56:00.954 [HikariPool-1 housekeeper] WARN  com.zaxxer.hikari.pool.HikariPool - HikariPool-1 - Thread starvation or clock leap detected (housekeeper delta=1h39m3s103ms).
2022-04-13 09:18:26.363 [HikariPool-1 housekeeper] WARN  com.zaxxer.hikari.pool.HikariPool - HikariPool-1 - Thread starvation or clock leap detected (housekeeper delta=1h22m25s409ms).
2022-04-13 09:46:58.514 [HikariPool-1 housekeeper] WARN  com.zaxxer.hikari.pool.HikariPool - HikariPool-1 - Thread starvation or clock leap detected (housekeeper delta=28m32s151ms).
2022-04-13 09:50:59.515 [HikariPool-1 housekeeper] WARN  com.zaxxer.hikari.pool.HikariPool - HikariPool-1 - Thread starvation or clock leap detected (housekeeper delta=3m30s986ms).
2022-04-13 10:00:13.954 [HikariPool-1 housekeeper] WARN  com.zaxxer.hikari.pool.HikariPool - HikariPool-1 - Thread starvation or clock leap detected (housekeeper delta=8m44s433ms).
2022-04-13 11:54:50.102 [HikariPool-1 housekeeper] WARN  com.zaxxer.hikari.pool.HikariPool - HikariPool-1 - Thread starvation or clock leap detected (housekeeper delta=28m35s655ms).
2022-04-13 12:25:19.810 [HikariPool-1 housekeeper] WARN  com.zaxxer.hikari.pool.HikariPool - HikariPool-1 - Thread starvation or clock leap detected (housekeeper delta=3m59s516ms).
2022-04-13 13:32:59.042 [HikariPool-1 housekeeper] WARN  com.zaxxer.hikari.pool.HikariPool - HikariPool-1 - Thread starvation or clock leap detected (housekeeper delta=1h7m39s231ms).
2022-04-13 14:02:17.314 [HikariPool-1 housekeeper] WARN  com.zaxxer.hikari.pool.HikariPool - HikariPool-1 - Thread starvation or clock leap detected (housekeeper delta=29m18s273ms).
2022-04-13 14:59:48.165 [HikariPool-1 housekeeper] WARN  com.zaxxer.hikari.pool.HikariPool - HikariPool-1 - Thread starvation or clock leap detected (housekeeper delta=10m455ms).
2022-04-13 15:00:57.381 [HikariPool-1 housekeeper] WARN  com.zaxxer.hikari.pool.HikariPool - HikariPool-1 - Thread starvation or clock leap detected (housekeeper delta=1m9s216ms).
2022-04-13 15:32:41.784 [HikariPool-1 housekeeper] WARN  com.zaxxer.hikari.pool.HikariPool - HikariPool-1 - Thread starvation or clock leap detected (housekeeper delta=31m44s403ms).
2022-04-13 15:35:59.302 [main] WARN  org.mybatis.spring.mapper.ClassPathMapperScanner - Skipping MapperFactoryBean with name 'sysMenuMapper' and 'cn.ustc.blog.mapper.SysMenuMapper' mapperInterface. Bean already defined with the same name!
2022-04-13 15:35:59.302 [main] WARN  org.mybatis.spring.mapper.ClassPathMapperScanner - Skipping MapperFactoryBean with name 'sysRoleMapper' and 'cn.ustc.blog.mapper.SysRoleMapper' mapperInterface. Bean already defined with the same name!
2022-04-13 15:35:59.303 [main] WARN  org.mybatis.spring.mapper.ClassPathMapperScanner - Skipping MapperFactoryBean with name 'sysRoleMenuMapper' and 'cn.ustc.blog.mapper.SysRoleMenuMapper' mapperInterface. Bean already defined with the same name!
2022-04-13 15:35:59.303 [main] WARN  org.mybatis.spring.mapper.ClassPathMapperScanner - Skipping MapperFactoryBean with name 'sysUserMapper' and 'cn.ustc.blog.mapper.SysUserMapper' mapperInterface. Bean already defined with the same name!
2022-04-13 15:35:59.303 [main] WARN  org.mybatis.spring.mapper.ClassPathMapperScanner - Skipping MapperFactoryBean with name 'sysUserRoleMapper' and 'cn.ustc.blog.mapper.SysUserRoleMapper' mapperInterface. Bean already defined with the same name!
2022-04-13 15:35:59.303 [main] WARN  org.mybatis.spring.mapper.ClassPathMapperScanner - Skipping MapperFactoryBean with name 'userMapper' and 'cn.ustc.blog.mapper.UserMapper' mapperInterface. Bean already defined with the same name!
2022-04-13 15:35:59.303 [main] WARN  org.mybatis.spring.mapper.ClassPathMapperScanner - No MyBatis mapper was found in '[cn.ustc.blog.mapper]' package. Please check your configuration.
2022-04-13 16:01:19.466 [main] WARN  org.mybatis.spring.mapper.ClassPathMapperScanner - Skipping MapperFactoryBean with name 'sysMenuMapper' and 'cn.ustc.blog.mapper.SysMenuMapper' mapperInterface. Bean already defined with the same name!
2022-04-13 16:01:19.467 [main] WARN  org.mybatis.spring.mapper.ClassPathMapperScanner - Skipping MapperFactoryBean with name 'sysRoleMapper' and 'cn.ustc.blog.mapper.SysRoleMapper' mapperInterface. Bean already defined with the same name!
2022-04-13 16:01:19.467 [main] WARN  org.mybatis.spring.mapper.ClassPathMapperScanner - Skipping MapperFactoryBean with name 'sysRoleMenuMapper' and 'cn.ustc.blog.mapper.SysRoleMenuMapper' mapperInterface. Bean already defined with the same name!
2022-04-13 16:01:19.467 [main] WARN  org.mybatis.spring.mapper.ClassPathMapperScanner - Skipping MapperFactoryBean with name 'sysUserMapper' and 'cn.ustc.blog.mapper.SysUserMapper' mapperInterface. Bean already defined with the same name!
2022-04-13 16:01:19.467 [main] WARN  org.mybatis.spring.mapper.ClassPathMapperScanner - Skipping MapperFactoryBean with name 'sysUserRoleMapper' and 'cn.ustc.blog.mapper.SysUserRoleMapper' mapperInterface. Bean already defined with the same name!
2022-04-13 16:01:19.467 [main] WARN  org.mybatis.spring.mapper.ClassPathMapperScanner - Skipping MapperFactoryBean with name 'userMapper' and 'cn.ustc.blog.mapper.UserMapper' mapperInterface. Bean already defined with the same name!
2022-04-13 16:01:19.467 [main] WARN  org.mybatis.spring.mapper.ClassPathMapperScanner - No MyBatis mapper was found in '[cn.ustc.blog.mapper]' package. Please check your configuration.
2022-04-13 16:04:29.119 [main] WARN  org.mybatis.spring.mapper.ClassPathMapperScanner - Skipping MapperFactoryBean with name 'sysMenuMapper' and 'cn.ustc.blog.mapper.SysMenuMapper' mapperInterface. Bean already defined with the same name!
2022-04-13 16:04:29.119 [main] WARN  org.mybatis.spring.mapper.ClassPathMapperScanner - Skipping MapperFactoryBean with name 'sysRoleMapper' and 'cn.ustc.blog.mapper.SysRoleMapper' mapperInterface. Bean already defined with the same name!
2022-04-13 16:04:29.120 [main] WARN  org.mybatis.spring.mapper.ClassPathMapperScanner - Skipping MapperFactoryBean with name 'sysRoleMenuMapper' and 'cn.ustc.blog.mapper.SysRoleMenuMapper' mapperInterface. Bean already defined with the same name!
2022-04-13 16:04:29.120 [main] WARN  org.mybatis.spring.mapper.ClassPathMapperScanner - Skipping MapperFactoryBean with name 'sysUserMapper' and 'cn.ustc.blog.mapper.SysUserMapper' mapperInterface. Bean already defined with the same name!
2022-04-13 16:04:29.120 [main] WARN  org.mybatis.spring.mapper.ClassPathMapperScanner - Skipping MapperFactoryBean with name 'sysUserRoleMapper' and 'cn.ustc.blog.mapper.SysUserRoleMapper' mapperInterface. Bean already defined with the same name!
2022-04-13 16:04:29.120 [main] WARN  org.mybatis.spring.mapper.ClassPathMapperScanner - Skipping MapperFactoryBean with name 'userMapper' and 'cn.ustc.blog.mapper.UserMapper' mapperInterface. Bean already defined with the same name!
2022-04-13 16:04:29.120 [main] WARN  org.mybatis.spring.mapper.ClassPathMapperScanner - No MyBatis mapper was found in '[cn.ustc.blog.mapper]' package. Please check your configuration.
2022-04-13 16:07:40.860 [main] WARN  org.mybatis.spring.mapper.ClassPathMapperScanner - Skipping MapperFactoryBean with name 'sysMenuMapper' and 'cn.ustc.blog.mapper.SysMenuMapper' mapperInterface. Bean already defined with the same name!
2022-04-13 16:07:40.861 [main] WARN  org.mybatis.spring.mapper.ClassPathMapperScanner - Skipping MapperFactoryBean with name 'sysRoleMapper' and 'cn.ustc.blog.mapper.SysRoleMapper' mapperInterface. Bean already defined with the same name!
2022-04-13 16:07:40.861 [main] WARN  org.mybatis.spring.mapper.ClassPathMapperScanner - Skipping MapperFactoryBean with name 'sysRoleMenuMapper' and 'cn.ustc.blog.mapper.SysRoleMenuMapper' mapperInterface. Bean already defined with the same name!
2022-04-13 16:07:40.861 [main] WARN  org.mybatis.spring.mapper.ClassPathMapperScanner - Skipping MapperFactoryBean with name 'sysUserMapper' and 'cn.ustc.blog.mapper.SysUserMapper' mapperInterface. Bean already defined with the same name!
2022-04-13 16:07:40.861 [main] WARN  org.mybatis.spring.mapper.ClassPathMapperScanner - Skipping MapperFactoryBean with name 'sysUserRoleMapper' and 'cn.ustc.blog.mapper.SysUserRoleMapper' mapperInterface. Bean already defined with the same name!
2022-04-13 16:07:40.861 [main] WARN  org.mybatis.spring.mapper.ClassPathMapperScanner - Skipping MapperFactoryBean with name 'userMapper' and 'cn.ustc.blog.mapper.UserMapper' mapperInterface. Bean already defined with the same name!
2022-04-13 16:07:40.861 [main] WARN  org.mybatis.spring.mapper.ClassPathMapperScanner - No MyBatis mapper was found in '[cn.ustc.blog.mapper]' package. Please check your configuration.
2022-04-13 16:09:12.087 [main] WARN  org.mybatis.spring.mapper.ClassPathMapperScanner - Skipping MapperFactoryBean with name 'sysMenuMapper' and 'cn.ustc.blog.mapper.SysMenuMapper' mapperInterface. Bean already defined with the same name!
2022-04-13 16:09:12.087 [main] WARN  org.mybatis.spring.mapper.ClassPathMapperScanner - Skipping MapperFactoryBean with name 'sysRoleMapper' and 'cn.ustc.blog.mapper.SysRoleMapper' mapperInterface. Bean already defined with the same name!
2022-04-13 16:09:12.087 [main] WARN  org.mybatis.spring.mapper.ClassPathMapperScanner - Skipping MapperFactoryBean with name 'sysRoleMenuMapper' and 'cn.ustc.blog.mapper.SysRoleMenuMapper' mapperInterface. Bean already defined with the same name!
2022-04-13 16:09:12.087 [main] WARN  org.mybatis.spring.mapper.ClassPathMapperScanner - Skipping MapperFactoryBean with name 'sysUserMapper' and 'cn.ustc.blog.mapper.SysUserMapper' mapperInterface. Bean already defined with the same name!
2022-04-13 16:09:12.087 [main] WARN  org.mybatis.spring.mapper.ClassPathMapperScanner - Skipping MapperFactoryBean with name 'sysUserRoleMapper' and 'cn.ustc.blog.mapper.SysUserRoleMapper' mapperInterface. Bean already defined with the same name!
2022-04-13 16:09:12.087 [main] WARN  org.mybatis.spring.mapper.ClassPathMapperScanner - Skipping MapperFactoryBean with name 'userMapper' and 'cn.ustc.blog.mapper.UserMapper' mapperInterface. Bean already defined with the same name!
2022-04-13 16:09:12.088 [main] WARN  org.mybatis.spring.mapper.ClassPathMapperScanner - No MyBatis mapper was found in '[cn.ustc.blog.mapper]' package. Please check your configuration.
2022-04-13 16:14:26.205 [main] WARN  org.mybatis.spring.mapper.ClassPathMapperScanner - Skipping MapperFactoryBean with name 'sysMenuMapper' and 'cn.ustc.blog.mapper.SysMenuMapper' mapperInterface. Bean already defined with the same name!
2022-04-13 16:14:26.205 [main] WARN  org.mybatis.spring.mapper.ClassPathMapperScanner - Skipping MapperFactoryBean with name 'sysRoleMapper' and 'cn.ustc.blog.mapper.SysRoleMapper' mapperInterface. Bean already defined with the same name!
2022-04-13 16:14:26.205 [main] WARN  org.mybatis.spring.mapper.ClassPathMapperScanner - Skipping MapperFactoryBean with name 'sysRoleMenuMapper' and 'cn.ustc.blog.mapper.SysRoleMenuMapper' mapperInterface. Bean already defined with the same name!
2022-04-13 16:14:26.205 [main] WARN  org.mybatis.spring.mapper.ClassPathMapperScanner - Skipping MapperFactoryBean with name 'sysUserMapper' and 'cn.ustc.blog.mapper.SysUserMapper' mapperInterface. Bean already defined with the same name!
2022-04-13 16:14:26.205 [main] WARN  org.mybatis.spring.mapper.ClassPathMapperScanner - Skipping MapperFactoryBean with name 'sysUserRoleMapper' and 'cn.ustc.blog.mapper.SysUserRoleMapper' mapperInterface. Bean already defined with the same name!
2022-04-13 16:14:26.205 [main] WARN  org.mybatis.spring.mapper.ClassPathMapperScanner - Skipping MapperFactoryBean with name 'userMapper' and 'cn.ustc.blog.mapper.UserMapper' mapperInterface. Bean already defined with the same name!
2022-04-13 16:14:26.205 [main] WARN  org.mybatis.spring.mapper.ClassPathMapperScanner - No MyBatis mapper was found in '[cn.ustc.blog.mapper]' package. Please check your configuration.
2022-04-13 16:44:03.147 [HikariPool-1 housekeeper] WARN  com.zaxxer.hikari.pool.HikariPool - HikariPool-1 - Thread starvation or clock leap detected (housekeeper delta=23m48s873ms).
